<?xml version="1.0" encoding="UTF-8" standalone="yes"?><!DOCTYPE report PUBLIC "-//JACOCO//DTD Report 1.1//EN" "report.dtd"><report name="QuckApp Auth Service"><sessioninfo id="DESKTOP-3UNO6HS-eacaa881" start="1768430302031" dump="1768430309806"/><package name="com/quckapp/auth/security/jwt"><class name="com/quckapp/auth/security/jwt/JwtService" sourcefilename="JwtService.java"><method name="&lt;init&gt;" desc="()V" line="24"><counter type="INSTRUCTION" missed="3" covered="0"/><counter type="LINE" missed="1" covered="0"/><counter type="COMPLEXITY" missed="1" covered="0"/><counter type="METHOD" missed="1" covered="0"/></method><method name="generateAccessToken" desc="(Lcom/quckapp/auth/domain/entity/AuthUser;)Ljava/lang/String;" line="42"><counter type="INSTRUCTION" missed="43" covered="0"/><counter type="LINE" missed="7" covered="0"/><counter type="COMPLEXITY" missed="1" covered="0"/><counter type="METHOD" missed="1" covered="0"/></method><method name="generateRefreshToken" desc="(Lcom/quckapp/auth/domain/entity/AuthUser;)Ljava/lang/String;" line="56"><counter type="INSTRUCTION" missed="24" covered="0"/><counter type="LINE" missed="4" covered="0"/><counter type="COMPLEXITY" missed="1" covered="0"/><counter type="METHOD" missed="1" covered="0"/></method><method name="generatePasswordResetToken" desc="(Lcom/quckapp/auth/domain/entity/AuthUser;)Ljava/lang/String;" line="67"><counter type="INSTRUCTION" missed="23" covered="0"/><counter type="LINE" missed="4" covered="0"/><counter type="COMPLEXITY" missed="1" covered="0"/><counter type="METHOD" missed="1" covered="0"/></method><method name="generateEmailVerificationToken" desc="(Lcom/quckapp/auth/domain/entity/AuthUser;)Ljava/lang/String;" line="78"><counter type="INSTRUCTION" missed="23" covered="0"/><counter type="LINE" missed="4" covered="0"/><counter type="COMPLEXITY" missed="1" covered="0"/><counter type="METHOD" missed="1" covered="0"/></method><method name="generateTempToken" desc="(Lcom/quckapp/auth/domain/entity/AuthUser;)Ljava/lang/String;" line="89"><counter type="INSTRUCTION" missed="23" covered="0"/><counter type="LINE" missed="4" covered="0"/><counter type="COMPLEXITY" missed="1" covered="0"/><counter type="METHOD" missed="1" covered="0"/></method><method name="buildToken" desc="(Ljava/util/Map;Ljava/lang/String;J)Ljava/lang/String;" line="100"><counter type="INSTRUCTION" missed="25" covered="0"/><counter type="LINE" missed="10" covered="0"/><counter type="COMPLEXITY" missed="1" covered="0"/><counter type="METHOD" missed="1" covered="0"/></method><method name="extractUserId" desc="(Ljava/lang/String;)Ljava/lang/String;" line="117"><counter type="INSTRUCTION" missed="6" covered="0"/><counter type="LINE" missed="1" covered="0"/><counter type="COMPLEXITY" missed="1" covered="0"/><counter type="METHOD" missed="1" covered="0"/></method><method name="extractEmail" desc="(Ljava/lang/String;)Ljava/lang/String;" line="124"><counter type="INSTRUCTION" missed="6" covered="0"/><counter type="LINE" missed="1" covered="0"/><counter type="COMPLEXITY" missed="1" covered="0"/><counter type="METHOD" missed="1" covered="0"/></method><method name="extractTokenType" desc="(Ljava/lang/String;)Ljava/lang/String;" line="131"><counter type="INSTRUCTION" missed="6" covered="0"/><counter type="LINE" missed="1" covered="0"/><counter type="COMPLEXITY" missed="1" covered="0"/><counter type="METHOD" missed="1" covered="0"/></method><method name="extractExternalId" desc="(Ljava/lang/String;)Ljava/lang/String;" line="138"><counter type="INSTRUCTION" missed="6" covered="0"/><counter type="LINE" missed="1" covered="0"/><counter type="COMPLEXITY" missed="1" covered="0"/><counter type="METHOD" missed="1" covered="0"/></method><method name="extractSessionId" desc="(Ljava/lang/String;)Ljava/lang/String;" line="145"><counter type="INSTRUCTION" missed="6" covered="0"/><counter type="LINE" missed="1" covered="0"/><counter type="COMPLEXITY" missed="1" covered="0"/><counter type="METHOD" missed="1" covered="0"/></method><method name="extractIssuedAt" desc="(Ljava/lang/String;)Ljava/util/Date;" line="152"><counter type="INSTRUCTION" missed="6" covered="0"/><counter type="LINE" missed="1" covered="0"/><counter type="COMPLEXITY" missed="1" covered="0"/><counter type="METHOD" missed="1" covered="0"/></method><method name="isTokenValid" desc="(Ljava/lang/String;Lcom/quckapp/auth/domain/entity/AuthUser;)Z" line="160"><counter type="INSTRUCTION" missed="21" covered="0"/><counter type="BRANCH" missed="4" covered="0"/><counter type="LINE" missed="4" covered="0"/><counter type="COMPLEXITY" missed="3" covered="0"/><counter type="METHOD" missed="1" covered="0"/></method><method name="isTokenExpired" desc="(Ljava/lang/String;)Z" line="171"><counter type="INSTRUCTION" missed="8" covered="0"/><counter type="LINE" missed="1" covered="0"/><counter type="COMPLEXITY" missed="1" covered="0"/><counter type="METHOD" missed="1" covered="0"/></method><method name="extractExpiration" desc="(Ljava/lang/String;)Ljava/util/Date;" line="178"><counter type="INSTRUCTION" missed="6" covered="0"/><counter type="LINE" missed="1" covered="0"/><counter type="COMPLEXITY" missed="1" covered="0"/><counter type="METHOD" missed="1" covered="0"/></method><method name="extractClaim" desc="(Ljava/lang/String;Ljava/util/function/Function;)Ljava/lang/Object;" line="185"><counter type="INSTRUCTION" missed="8" covered="0"/><counter type="LINE" missed="2" covered="0"/><counter type="COMPLEXITY" missed="1" covered="0"/><counter type="METHOD" missed="1" covered="0"/></method><method name="extractAllClaims" desc="(Ljava/lang/String;)Lio/jsonwebtoken/Claims;" line="193"><counter type="INSTRUCTION" missed="10" covered="0"/><counter type="LINE" missed="5" covered="0"/><counter type="COMPLEXITY" missed="1" covered="0"/><counter type="METHOD" missed="1" covered="0"/></method><method name="validateToken" desc="(Ljava/lang/String;)Z" line="205"><counter type="INSTRUCTION" missed="52" covered="0"/><counter type="BRANCH" missed="2" covered="0"/><counter type="LINE" missed="17" covered="0"/><counter type="COMPLEXITY" missed="2" covered="0"/><counter type="METHOD" missed="1" covered="0"/></method><method name="getSigningKey" desc="()Ljavax/crypto/SecretKey;" line="229"><counter type="INSTRUCTION" missed="9" covered="0"/><counter type="LINE" missed="2" covered="0"/><counter type="COMPLEXITY" missed="1" covered="0"/><counter type="METHOD" missed="1" covered="0"/></method><method name="getAccessTokenExpiration" desc="()J" line="237"><counter type="INSTRUCTION" missed="3" covered="0"/><counter type="LINE" missed="1" covered="0"/><counter type="COMPLEXITY" missed="1" covered="0"/><counter type="METHOD" missed="1" covered="0"/></method><method name="getRefreshTokenExpiration" desc="()J" line="244"><counter type="INSTRUCTION" missed="3" covered="0"/><counter type="LINE" missed="1" covered="0"/><counter type="COMPLEXITY" missed="1" covered="0"/><counter type="METHOD" missed="1" covered="0"/></method><method name="lambda$extractSessionId$0" desc="(Lio/jsonwebtoken/Claims;)Ljava/lang/String;" line="145"><counter type="INSTRUCTION" missed="6" covered="0"/><counter type="LINE" missed="1" covered="0"/><counter type="COMPLEXITY" missed="1" covered="0"/><counter type="METHOD" missed="1" covered="0"/></method><method name="lambda$extractExternalId$0" desc="(Lio/jsonwebtoken/Claims;)Ljava/lang/String;" line="138"><counter type="INSTRUCTION" missed="6" covered="0"/><counter type="LINE" missed="1" covered="0"/><counter type="COMPLEXITY" missed="1" covered="0"/><counter type="METHOD" missed="1" covered="0"/></method><method name="lambda$extractTokenType$0" desc="(Lio/jsonwebtoken/Claims;)Ljava/lang/String;" line="131"><counter type="INSTRUCTION" missed="6" covered="0"/><counter type="LINE" missed="1" covered="0"/><counter type="COMPLEXITY" missed="1" covered="0"/><counter type="METHOD" missed="1" covered="0"/></method><method name="lambda$extractEmail$0" desc="(Lio/jsonwebtoken/Claims;)Ljava/lang/String;" line="124"><counter type="INSTRUCTION" missed="6" covered="0"/><counter type="LINE" missed="1" covered="0"/><counter type="COMPLEXITY" missed="1" covered="0"/><counter type="METHOD" missed="1" covered="0"/></method><method name="&lt;clinit&gt;" desc="()V" line="23"><counter type="INSTRUCTION" missed="4" covered="0"/><counter type="LINE" missed="1" covered="0"/><counter type="COMPLEXITY" missed="1" covered="0"/><counter type="METHOD" missed="1" covered="0"/></method><counter type="INSTRUCTION" missed="348" covered="0"/><counter type="BRANCH" missed="6" covered="0"/><counter type="LINE" missed="75" covered="0"/><counter type="COMPLEXITY" missed="30" covered="0"/><counter type="METHOD" missed="27" covered="0"/><counter type="CLASS" missed="1" covered="0"/></class><class name="com/quckapp/auth/security/jwt/JwtOperations" sourcefilename="JwtOperations.java"/><sourcefile name="JwtService.java"><line nr="23" mi="4" ci="0" mb="0" cb="0"/><line nr="24" mi="3" ci="0" mb="0" cb="0"/><line nr="42" mi="4" ci="0" mb="0" cb="0"/><line nr="43" mi="5" ci="0" mb="0" cb="0"/><line nr="44" mi="6" ci="0" mb="0" cb="0"/><line nr="45" mi="6" ci="0" mb="0" cb="0"/><line nr="46" mi="7" ci="0" mb="0" cb="0"/><line nr="47" mi="6" ci="0" mb="0" cb="0"/><line nr="49" mi="9" ci="0" mb="0" cb="0"/><line nr="56" mi="4" ci="0" mb="0" cb="0"/><line nr="57" mi="5" ci="0" mb="0" cb="0"/><line nr="58" mi="6" ci="0" mb="0" cb="0"/><line nr="60" mi="9" ci="0" mb="0" cb="0"/><line nr="67" mi="4" ci="0" mb="0" cb="0"/><line nr="68" mi="5" ci="0" mb="0" cb="0"/><line nr="69" mi="6" ci="0" mb="0" cb="0"/><line nr="71" mi="8" ci="0" mb="0" cb="0"/><line nr="78" mi="4" ci="0" mb="0" cb="0"/><line nr="79" mi="5" ci="0" mb="0" cb="0"/><line nr="80" mi="6" ci="0" mb="0" cb="0"/><line nr="82" mi="8" ci="0" mb="0" cb="0"/><line nr="89" mi="4" ci="0" mb="0" cb="0"/><line nr="90" mi="5" ci="0" mb="0" cb="0"/><line nr="91" mi="6" ci="0" mb="0" cb="0"/><line nr="93" mi="8" ci="0" mb="0" cb="0"/><line nr="100" mi="2" ci="0" mb="0" cb="0"/><line nr="101" mi="4" ci="0" mb="0" cb="0"/><line nr="103" mi="3" ci="0" mb="0" cb="0"/><line nr="104" mi="2" ci="0" mb="0" cb="0"/><line nr="105" mi="3" ci="0" mb="0" cb="0"/><line nr="106" mi="2" ci="0" mb="0" cb="0"/><line nr="107" mi="3" ci="0" mb="0" cb="0"/><line nr="108" mi="3" ci="0" mb="0" cb="0"/><line nr="109" mi="2" ci="0" mb="0" cb="0"/><line nr="110" mi="1" ci="0" mb="0" cb="0"/><line nr="117" mi="6" ci="0" mb="0" cb="0"/><line nr="124" mi="12" ci="0" mb="0" cb="0"/><line nr="131" mi="12" ci="0" mb="0" cb="0"/><line nr="138" mi="12" ci="0" mb="0" cb="0"/><line nr="145" mi="12" ci="0" mb="0" cb="0"/><line nr="152" mi="6" ci="0" mb="0" cb="0"/><line nr="160" mi="4" ci="0" mb="0" cb="0"/><line nr="161" mi="14" ci="0" mb="4" cb="0"/><line nr="162" mi="1" ci="0" mb="0" cb="0"/><line nr="163" mi="2" ci="0" mb="0" cb="0"/><line nr="171" mi="8" ci="0" mb="0" cb="0"/><line nr="178" mi="6" ci="0" mb="0" cb="0"/><line nr="185" mi="4" ci="0" mb="0" cb="0"/><line nr="186" mi="4" ci="0" mb="0" cb="0"/><line nr="193" mi="3" ci="0" mb="0" cb="0"/><line nr="194" mi="2" ci="0" mb="0" cb="0"/><line nr="195" mi="2" ci="0" mb="0" cb="0"/><line nr="196" mi="1" ci="0" mb="0" cb="0"/><line nr="197" mi="2" ci="0" mb="0" cb="0"/><line nr="205" mi="4" ci="0" mb="0" cb="0"/><line nr="206" mi="8" ci="0" mb="2" cb="0"/><line nr="207" mi="1" ci="0" mb="0" cb="0"/><line nr="208" mi="5" ci="0" mb="0" cb="0"/><line nr="209" mi="2" ci="0" mb="0" cb="0"/><line nr="210" mi="1" ci="0" mb="0" cb="0"/><line nr="211" mi="5" ci="0" mb="0" cb="0"/><line nr="212" mi="2" ci="0" mb="0" cb="0"/><line nr="213" mi="1" ci="0" mb="0" cb="0"/><line nr="214" mi="5" ci="0" mb="0" cb="0"/><line nr="215" mi="2" ci="0" mb="0" cb="0"/><line nr="216" mi="1" ci="0" mb="0" cb="0"/><line nr="217" mi="5" ci="0" mb="0" cb="0"/><line nr="218" mi="2" ci="0" mb="0" cb="0"/><line nr="219" mi="1" ci="0" mb="0" cb="0"/><line nr="220" mi="5" ci="0" mb="0" cb="0"/><line nr="221" mi="2" ci="0" mb="0" cb="0"/><line nr="229" mi="6" ci="0" mb="0" cb="0"/><line nr="230" mi="3" ci="0" mb="0" cb="0"/><line nr="237" mi="3" ci="0" mb="0" cb="0"/><line nr="244" mi="3" ci="0" mb="0" cb="0"/><counter type="INSTRUCTION" missed="348" covered="0"/><counter type="BRANCH" missed="6" covered="0"/><counter type="LINE" missed="75" covered="0"/><counter type="COMPLEXITY" missed="30" covered="0"/><counter type="METHOD" missed="27" covered="0"/><counter type="CLASS" missed="1" covered="0"/></sourcefile><sourcefile name="JwtOperations.java"/><counter type="INSTRUCTION" missed="348" covered="0"/><counter type="BRANCH" missed="6" covered="0"/><counter type="LINE" missed="75" covered="0"/><counter type="COMPLEXITY" missed="30" covered="0"/><counter type="METHOD" missed="27" covered="0"/><counter type="CLASS" missed="1" covered="0"/></package><package name="com/quckapp/auth"><class name="com/quckapp/auth/AuthServiceApplication" sourcefilename="AuthServiceApplication.java"><method name="&lt;init&gt;" desc="()V" line="26"><counter type="INSTRUCTION" missed="3" covered="0"/><counter type="LINE" missed="1" covered="0"/><counter type="COMPLEXITY" missed="1" covered="0"/><counter type="METHOD" missed="1" covered="0"/></method><method name="main" desc="([Ljava/lang/String;)V" line="29"><counter type="INSTRUCTION" missed="5" covered="0"/><counter type="LINE" missed="2" covered="0"/><counter type="COMPLEXITY" missed="1" covered="0"/><counter type="METHOD" missed="1" covered="0"/></method><counter type="INSTRUCTION" missed="8" covered="0"/><counter type="LINE" missed="3" covered="0"/><counter type="COMPLEXITY" missed="2" covered="0"/><counter type="METHOD" missed="2" covered="0"/><counter type="CLASS" missed="1" covered="0"/></class><sourcefile name="AuthServiceApplication.java"><line nr="26" mi="3" ci="0" mb="0" cb="0"/><line nr="29" mi="4" ci="0" mb="0" cb="0"/><line nr="30" mi="1" ci="0" mb="0" cb="0"/><counter type="INSTRUCTION" missed="8" covered="0"/><counter type="LINE" missed="3" covered="0"/><counter type="COMPLEXITY" missed="2" covered="0"/><counter type="METHOD" missed="2" covered="0"/><counter type="CLASS" missed="1" covered="0"/></sourcefile><counter type="INSTRUCTION" missed="8" covered="0"/><counter type="LINE" missed="3" covered="0"/><counter type="COMPLEXITY" missed="2" covered="0"/><counter type="METHOD" missed="2" covered="0"/><counter type="CLASS" missed="1" covered="0"/></package><package name="com/quckapp/auth/domain/repository"><class name="com/quckapp/auth/domain/repository/LoginAnomalyRepository" sourcefilename="LoginAnomalyRepository.java"/><class name="com/quckapp/auth/domain/repository/UserRoleAssignmentRepository" sourcefilename="UserRoleAssignmentRepository.java"/><class name="com/quckapp/auth/domain/repository/TrustedDeviceRepository" sourcefilename="TrustedDeviceRepository.java"/><class name="com/quckapp/auth/domain/repository/UserProfileRepository" sourcefilename="UserProfileRepository.java"/><class name="com/quckapp/auth/domain/repository/OAuthConnectionRepository" sourcefilename="OAuthConnectionRepository.java"/><class name="com/quckapp/auth/domain/repository/AuthUserRepository" sourcefilename="AuthUserRepository.java"/><class name="com/quckapp/auth/domain/repository/UserNotificationPreferencesRepository" sourcefilename="UserNotificationPreferencesRepository.java"/><class name="com/quckapp/auth/domain/repository/RoleRepository" sourcefilename="RoleRepository.java"/><class name="com/quckapp/auth/domain/repository/UserSettingsRepository" sourcefilename="UserSettingsRepository.java"/><class name="com/quckapp/auth/domain/repository/RefreshTokenRepository" sourcefilename="RefreshTokenRepository.java"/><class name="com/quckapp/auth/domain/repository/UserSecurityPreferencesRepository" sourcefilename="UserSecurityPreferencesRepository.java"/><class name="com/quckapp/auth/domain/repository/SessionActivityRepository" sourcefilename="SessionActivityRepository.java"/><class name="com/quckapp/auth/domain/repository/LinkedDeviceRepository" sourcefilename="LinkedDeviceRepository.java"/><class name="com/quckapp/auth/domain/repository/LoginHistoryRepository" sourcefilename="LoginHistoryRepository.java"><method name="findLastSuccessfulLoginByUserId" desc="(Ljava/util/UUID;)Ljava/util/Optional;" line="58"><counter type="INSTRUCTION" missed="17" covered="0"/><counter type="BRANCH" missed="2" covered="0"/><counter type="LINE" missed="2" covered="0"/><counter type="COMPLEXITY" missed="2" covered="0"/><counter type="METHOD" missed="1" covered="0"/></method><counter type="INSTRUCTION" missed="17" covered="0"/><counter type="BRANCH" missed="2" covered="0"/><counter type="LINE" missed="2" covered="0"/><counter type="COMPLEXITY" missed="2" covered="0"/><counter type="METHOD" missed="1" covered="0"/><counter type="CLASS" missed="1" covered="0"/></class><class name="com/quckapp/auth/domain/repository/ActiveSessionRepository" sourcefilename="ActiveSessionRepository.java"/><class name="com/quckapp/auth/domain/repository/PhoneOtpRepository" sourcefilename="PhoneOtpRepository.java"/><class name="com/quckapp/auth/domain/repository/RolePermissionRepository" sourcefilename="RolePermissionRepository.java"/><class name="com/quckapp/auth/domain/repository/PermissionRepository" sourcefilename="PermissionRepository.java"/><sourcefile name="RoleRepository.java"/><sourcefile name="RefreshTokenRepository.java"/><sourcefile name="AuthUserRepository.java"/><sourcefile name="UserSecurityPreferencesRepository.java"/><sourcefile name="UserNotificationPreferencesRepository.java"/><sourcefile name="UserProfileRepository.java"/><sourcefile name="UserRoleAssignmentRepository.java"/><sourcefile name="RolePermissionRepository.java"/><sourcefile name="LinkedDeviceRepository.java"/><sourcefile name="PhoneOtpRepository.java"/><sourcefile name="PermissionRepository.java"/><sourcefile name="SessionActivityRepository.java"/><sourcefile name="LoginHistoryRepository.java"><line nr="58" mi="6" ci="0" mb="0" cb="0"/><line nr="59" mi="11" ci="0" mb="2" cb="0"/><counter type="INSTRUCTION" missed="17" covered="0"/><counter type="BRANCH" missed="2" covered="0"/><counter type="LINE" missed="2" covered="0"/><counter type="COMPLEXITY" missed="2" covered="0"/><counter type="METHOD" missed="1" covered="0"/><counter type="CLASS" missed="1" covered="0"/></sourcefile><sourcefile name="OAuthConnectionRepository.java"/><sourcefile name="UserSettingsRepository.java"/><sourcefile name="LoginAnomalyRepository.java"/><sourcefile name="TrustedDeviceRepository.java"/><sourcefile name="ActiveSessionRepository.java"/><counter type="INSTRUCTION" missed="17" covered="0"/><counter type="BRANCH" missed="2" covered="0"/><counter type="LINE" missed="2" covered="0"/><counter type="COMPLEXITY" missed="2" covered="0"/><counter type="METHOD" missed="1" covered="0"/><counter type="CLASS" missed="1" covered="0"/></package><package name="com/quckapp/auth/dto"><class name="com/quckapp/auth/dto/LoginHistoryDtos$DailyAnomalyCount" sourcefilename="LoginHistoryDtos.java"/><class name="com/quckapp/auth/dto/SessionDtos" sourcefilename="SessionDtos.java"><method name="&lt;init&gt;" desc="()V" line="17"><counter type="INSTRUCTION" missed="3" covered="0"/><counter type="LINE" missed="1" covered="0"/><counter type="COMPLEXITY" missed="1" covered="0"/><counter type="METHOD" missed="1" covered="0"/></method><counter type="INSTRUCTION" missed="3" covered="0"/><counter type="LINE" missed="1" covered="0"/><counter type="COMPLEXITY" missed="1" covered="0"/><counter type="METHOD" missed="1" covered="0"/><counter type="CLASS" missed="1" covered="0"/></class><class name="com/quckapp/auth/dto/UserPreferencesDtos" sourcefilename="UserPreferencesDtos.java"><method name="&lt;init&gt;" desc="()V" line="16"><counter type="INSTRUCTION" missed="3" covered="0"/><counter type="LINE" missed="1" covered="0"/><counter type="COMPLEXITY" missed="1" covered="0"/><counter type="METHOD" missed="1" covered="0"/></method><counter type="INSTRUCTION" missed="3" covered="0"/><counter type="LINE" missed="1" covered="0"/><counter type="COMPLEXITY" missed="1" covered="0"/><counter type="METHOD" missed="1" covered="0"/><counter type="CLASS" missed="1" covered="0"/></class><class name="com/quckapp/auth/dto/TokenValidationResponse$TokenValidationResponseBuilder" sourcefilename="TokenValidationResponse.java"/><class name="com/quckapp/auth/dto/RegisterRequest$RegisterRequestBuilder" sourcefilename="RegisterRequest.java"/><class name="com/quckapp/auth/dto/UserProfileDtos$MigrationError$MigrationErrorBuilder" sourcefilename="UserProfileDtos.java"/><class name="com/quckapp/auth/dto/LoginHistoryDtos$LoginAnomalyDto$LoginAnomalyDtoBuilder" sourcefilename="LoginHistoryDtos.java"/><class name="com/quckapp/auth/dto/LoginHistoryDtos$LoginHistoryDto" sourcefilename="LoginHistoryDtos.java"><method name="from" desc="(Lcom/quckapp/auth/domain/entity/LoginHistory;)Lcom/quckapp/auth/dto/LoginHistoryDtos$LoginHistoryDto;" line="48"><counter type="INSTRUCTION" missed="0" covered="75"/><counter type="BRANCH" missed="0" covered="2"/><counter type="LINE" missed="0" covered="24"/><counter type="COMPLEXITY" missed="0" covered="2"/><counter type="METHOD" missed="0" covered="1"/></method><counter type="INSTRUCTION" missed="0" covered="75"/><counter type="BRANCH" missed="0" covered="2"/><counter type="LINE" missed="0" covered="24"/><counter type="COMPLEXITY" missed="0" covered="2"/><counter type="METHOD" missed="0" covered="1"/><counter type="CLASS" missed="0" covered="1"/></class><class name="com/quckapp/auth/dto/RbacDtos$AssignRoleRequest$AssignRoleRequestBuilder" sourcefilename="RbacDtos.java"/><class name="com/quckapp/auth/dto/RbacDtos" sourcefilename="RbacDtos.java"><method name="&lt;init&gt;" desc="()V" line="17"><counter type="INSTRUCTION" missed="3" covered="0"/><counter type="LINE" missed="1" covered="0"/><counter type="COMPLEXITY" missed="1" covered="0"/><counter type="METHOD" missed="1" covered="0"/></method><counter type="INSTRUCTION" missed="3" covered="0"/><counter type="LINE" missed="1" covered="0"/><counter type="COMPLEXITY" missed="1" covered="0"/><counter type="METHOD" missed="1" covered="0"/><counter type="CLASS" missed="1" covered="0"/></class><class name="com/quckapp/auth/dto/UserProfileDtos$LinkedDeviceDto" sourcefilename="UserProfileDtos.java"><method name="from" desc="(Lcom/quckapp/auth/domain/entity/LinkedDevice;)Lcom/quckapp/auth/dto/UserProfileDtos$LinkedDeviceDto;" line="304"><counter type="INSTRUCTION" missed="28" covered="0"/><counter type="BRANCH" missed="2" covered="0"/><counter type="LINE" missed="10" covered="0"/><counter type="COMPLEXITY" missed="2" covered="0"/><counter type="METHOD" missed="1" covered="0"/></method><counter type="INSTRUCTION" missed="28" covered="0"/><counter type="BRANCH" missed="2" covered="0"/><counter type="LINE" missed="10" covered="0"/><counter type="COMPLEXITY" missed="2" covered="0"/><counter type="METHOD" missed="1" covered="0"/><counter type="CLASS" missed="1" covered="0"/></class><class name="com/quckapp/auth/dto/SessionDtos$UserSessionsResponse" sourcefilename="SessionDtos.java"/><class name="com/quckapp/auth/dto/RevokeTokenRequest$RevokeTokenRequestBuilder" sourcefilename="RevokeTokenRequest.java"/><class name="com/quckapp/auth/dto/ResetPasswordRequest$ResetPasswordRequestBuilder" sourcefilename="ResetPasswordRequest.java"/><class name="com/quckapp/auth/dto/LoginHistoryDtos$LoginStatisticsDto" sourcefilename="LoginHistoryDtos.java"/><class name="com/quckapp/auth/dto/LoginHistoryDtos$ResolveAnomalyRequest$ResolveAnomalyRequestBuilder" sourcefilename="LoginHistoryDtos.java"/><class name="com/quckapp/auth/dto/LoginHistoryDtos$LoginStatisticsDto$LoginStatisticsDtoBuilder" sourcefilename="LoginHistoryDtos.java"/><class name="com/quckapp/auth/dto/SessionInfo$SessionInfoBuilder" sourcefilename="SessionInfo.java"/><class name="com/quckapp/auth/dto/UserProfileDtos$UpdateStatusRequest" sourcefilename="UserProfileDtos.java"/><class name="com/quckapp/auth/dto/LoginHistoryDtos$LoginAnomalyDto" sourcefilename="LoginHistoryDtos.java"><method name="from" desc="(Lcom/quckapp/auth/domain/entity/LoginAnomaly;)Lcom/quckapp/auth/dto/LoginHistoryDtos$LoginAnomalyDto;" line="131"><counter type="INSTRUCTION" missed="4" covered="39"/><counter type="BRANCH" missed="1" covered="1"/><counter type="LINE" missed="0" covered="13"/><counter type="COMPLEXITY" missed="1" covered="1"/><counter type="METHOD" missed="0" covered="1"/></method><counter type="INSTRUCTION" missed="4" covered="39"/><counter type="BRANCH" missed="1" covered="1"/><counter type="LINE" missed="0" covered="13"/><counter type="COMPLEXITY" missed="1" covered="1"/><counter type="METHOD" missed="0" covered="1"/><counter type="CLASS" missed="0" covered="1"/></class><class name="com/quckapp/auth/dto/RegisterRequest" sourcefilename="RegisterRequest.java"/><class name="com/quckapp/auth/dto/TwoFactorDisableRequest" sourcefilename="TwoFactorDisableRequest.java"/><class name="com/quckapp/auth/dto/UserPreferencesDtos$UserPreferencesDto" sourcefilename="UserPreferencesDtos.java"/><class name="com/quckapp/auth/dto/UserProfileDtos$UpdateRoleRequest" sourcefilename="UserProfileDtos.java"/><class name="com/quckapp/auth/dto/OtpResponse$OtpResponseBuilder" sourcefilename="OtpResponse.java"/><class name="com/quckapp/auth/dto/SessionDtos$CreateSessionRequest$CreateSessionRequestBuilder" sourcefilename="SessionDtos.java"/><class name="com/quckapp/auth/dto/UserPreferencesDtos$UpdateNotificationPreferencesRequest$UpdateNotificationPreferencesRequestBuilder" sourcefilename="UserPreferencesDtos.java"/><class name="com/quckapp/auth/dto/TwoFactorSetupResponse" sourcefilename="TwoFactorSetupResponse.java"/><class name="com/quckapp/auth/dto/RbacDtos$RoleWithPermissionsDto$RoleWithPermissionsDtoBuilder" sourcefilename="RbacDtos.java"/><class name="com/quckapp/auth/dto/UserProfileDtos$FcmTokensResponse$FcmTokensResponseBuilder" sourcefilename="UserProfileDtos.java"/><class name="com/quckapp/auth/dto/RbacDtos$CreateRoleRequest" sourcefilename="RbacDtos.java"/><class name="com/quckapp/auth/dto/TokenResponse$TokenResponseBuilder" sourcefilename="TokenResponse.java"/><class name="com/quckapp/auth/dto/UserProfileDtos$MigrationError" sourcefilename="UserProfileDtos.java"/><class name="com/quckapp/auth/dto/SessionInfo" sourcefilename="SessionInfo.java"/><class name="com/quckapp/auth/dto/UserProfileDtos$UpdateProfileRequest$UpdateProfileRequestBuilder" sourcefilename="UserProfileDtos.java"/><class name="com/quckapp/auth/dto/RbacDtos$UserPermissionsDto" sourcefilename="RbacDtos.java"/><class name="com/quckapp/auth/dto/UserPreferencesDtos$TrustedDeviceDto$TrustedDeviceDtoBuilder" sourcefilename="UserPreferencesDtos.java"/><class name="com/quckapp/auth/dto/UserProfileDtos$UpdatePermissionsRequest" sourcefilename="UserProfileDtos.java"/><class name="com/quckapp/auth/dto/MessageResponse" sourcefilename="MessageResponse.java"/><class name="com/quckapp/auth/dto/UserProfileDtos$MigratedLinkedDevice$MigratedLinkedDeviceBuilder" sourcefilename="UserProfileDtos.java"/><class name="com/quckapp/auth/dto/SessionDtos$SessionActivityDto$SessionActivityDtoBuilder" sourcefilename="SessionDtos.java"/><class name="com/quckapp/auth/dto/TwoFactorVerifyRequest" sourcefilename="TwoFactorVerifyRequest.java"/><class name="com/quckapp/auth/dto/TwoFactorEnableRequest" sourcefilename="TwoFactorEnableRequest.java"/><class name="com/quckapp/auth/dto/OAuthRequest" sourcefilename="OAuthRequest.java"/><class name="com/quckapp/auth/dto/ForgotPasswordRequest" sourcefilename="ForgotPasswordRequest.java"/><class name="com/quckapp/auth/dto/OtpResponse$UserDto$UserDtoBuilder" sourcefilename="OtpResponse.java"/><class name="com/quckapp/auth/dto/RbacDtos$UpdateRoleRequest" sourcefilename="RbacDtos.java"/><class name="com/quckapp/auth/dto/UserProfileDtos$MigratedUserRequest" sourcefilename="UserProfileDtos.java"/><class name="com/quckapp/auth/dto/UserPreferencesDtos$UpdateSecurityPreferencesRequest$UpdateSecurityPreferencesRequestBuilder" sourcefilename="UserPreferencesDtos.java"/><class name="com/quckapp/auth/dto/LoginHistoryDtos$UserLoginSummaryDto" sourcefilename="LoginHistoryDtos.java"/><class name="com/quckapp/auth/dto/LoginHistoryDtos$LoginHistoryDto$LoginHistoryDtoBuilder" sourcefilename="LoginHistoryDtos.java"/><class name="com/quckapp/auth/dto/UserProfileDtos$UserProfileSummaryDto$UserProfileSummaryDtoBuilder" sourcefilename="UserProfileDtos.java"/><class name="com/quckapp/auth/dto/TwoFactorEnableResponse" sourcefilename="TwoFactorEnableResponse.java"/><class name="com/quckapp/auth/dto/UserProfileDtos$MigratedOAuthProvider$MigratedOAuthProviderBuilder" sourcefilename="UserProfileDtos.java"/><class name="com/quckapp/auth/dto/BackupCodesResponse$BackupCodesResponseBuilder" sourcefilename="BackupCodesResponse.java"/><class name="com/quckapp/auth/dto/RefreshTokenRequest" sourcefilename="RefreshTokenRequest.java"/><class name="com/quckapp/auth/dto/RbacDtos$UserRoleDto$UserRoleDtoBuilder" sourcefilename="RbacDtos.java"/><class name="com/quckapp/auth/dto/ClientInfo$ClientInfoBuilder" sourcefilename="ClientInfo.java"/><class name="com/quckapp/auth/dto/RbacDtos$CreatePermissionRequest" sourcefilename="RbacDtos.java"/><class name="com/quckapp/auth/dto/LoginHistoryDtos$CreateAnomalyRequest$CreateAnomalyRequestBuilder" sourcefilename="LoginHistoryDtos.java"/><class name="com/quckapp/auth/dto/LoginHistoryDtos$DailyLoginCount" sourcefilename="LoginHistoryDtos.java"/><class name="com/quckapp/auth/dto/RbacDtos$RoleDto$RoleDtoBuilder" sourcefilename="RbacDtos.java"/><class name="com/quckapp/auth/dto/UserProfileDtos$BatchFcmTokensRequest" sourcefilename="UserProfileDtos.java"/><class name="com/quckapp/auth/dto/LoginHistoryDtos" sourcefilename="LoginHistoryDtos.java"><method name="&lt;init&gt;" desc="()V" line="15"><counter type="INSTRUCTION" missed="3" covered="0"/><counter type="LINE" missed="1" covered="0"/><counter type="COMPLEXITY" missed="1" covered="0"/><counter type="METHOD" missed="1" covered="0"/></method><counter type="INSTRUCTION" missed="3" covered="0"/><counter type="LINE" missed="1" covered="0"/><counter type="COMPLEXITY" missed="1" covered="0"/><counter type="METHOD" missed="1" covered="0"/><counter type="CLASS" missed="1" covered="0"/></class><class name="com/quckapp/auth/dto/UserProfileDtos$MigratedSettingsRequest" sourcefilename="UserProfileDtos.java"/><class name="com/quckapp/auth/dto/LoginHistoryDtos$AnomalyStatisticsDto" sourcefilename="LoginHistoryDtos.java"/><class name="com/quckapp/auth/dto/UserProfileDtos$FcmTokensResponse" sourcefilename="UserProfileDtos.java"/><class name="com/quckapp/auth/dto/TwoFactorVerifyRequest$TwoFactorVerifyRequestBuilder" sourcefilename="TwoFactorVerifyRequest.java"/><class name="com/quckapp/auth/dto/RbacDtos$CreatePermissionRequest$CreatePermissionRequestBuilder" sourcefilename="RbacDtos.java"/><class name="com/quckapp/auth/dto/TwoFactorSetupResponse$TwoFactorSetupResponseBuilder" sourcefilename="TwoFactorSetupResponse.java"/><class name="com/quckapp/auth/dto/UserProfileDtos$BlockUserRequest" sourcefilename="UserProfileDtos.java"/><class name="com/quckapp/auth/dto/ClientInfo" sourcefilename="ClientInfo.java"/><class name="com/quckapp/auth/dto/LoginHistoryDtos$UserLoginSummaryDto$UserLoginSummaryDtoBuilder" sourcefilename="LoginHistoryDtos.java"/><class name="com/quckapp/auth/dto/UserProfileDtos$MigratedUserRequest$MigratedUserRequestBuilder" sourcefilename="UserProfileDtos.java"/><class name="com/quckapp/auth/dto/UserProfileDtos$CreateProfileRequest$CreateProfileRequestBuilder" sourcefilename="UserProfileDtos.java"/><class name="com/quckapp/auth/dto/UserPreferencesDtos$SecurityPreferencesDto$SecurityPreferencesDtoBuilder" sourcefilename="UserPreferencesDtos.java"/><class name="com/quckapp/auth/dto/TokenValidationResponse" sourcefilename="TokenValidationResponse.java"/><class name="com/quckapp/auth/dto/UserPreferencesDtos$SecurityPreferencesDto" sourcefilename="UserPreferencesDtos.java"><method name="from" desc="(Lcom/quckapp/auth/domain/entity/UserSecurityPreferences;)Lcom/quckapp/auth/dto/UserPreferencesDtos$SecurityPreferencesDto;" line="137"><counter type="INSTRUCTION" missed="52" covered="0"/><counter type="LINE" missed="18" covered="0"/><counter type="COMPLEXITY" missed="1" covered="0"/><counter type="METHOD" missed="1" covered="0"/></method><counter type="INSTRUCTION" missed="52" covered="0"/><counter type="LINE" missed="18" covered="0"/><counter type="COMPLEXITY" missed="1" covered="0"/><counter type="METHOD" missed="1" covered="0"/><counter type="CLASS" missed="1" covered="0"/></class><class name="com/quckapp/auth/dto/TwoFactorLoginRequest" sourcefilename="TwoFactorLoginRequest.java"/><class name="com/quckapp/auth/dto/UserProfileDtos$CreateProfileRequest" sourcefilename="UserProfileDtos.java"/><class name="com/quckapp/auth/dto/UserPreferencesDtos$UpdateNotificationPreferencesRequest" sourcefilename="UserPreferencesDtos.java"/><class name="com/quckapp/auth/dto/AuthResponse" sourcefilename="AuthResponse.java"/><class name="com/quckapp/auth/dto/OtpResponse" sourcefilename="OtpResponse.java"><method name="otpSent" desc="(Ljava/lang/String;II)Lcom/quckapp/auth/dto/OtpResponse;" line="33"><counter type="INSTRUCTION" missed="0" covered="15"/><counter type="LINE" missed="0" covered="7"/><counter type="COMPLEXITY" missed="0" covered="1"/><counter type="METHOD" missed="0" covered="1"/></method><method name="verified" desc="(Ljava/lang/String;)Lcom/quckapp/auth/dto/OtpResponse;" line="43"><counter type="INSTRUCTION" missed="0" covered="12"/><counter type="LINE" missed="0" covered="6"/><counter type="COMPLEXITY" missed="0" covered="1"/><counter type="METHOD" missed="0" covered="1"/></method><method name="loginSuccess" desc="(Ljava/lang/String;Ljava/lang/String;Lcom/quckapp/auth/dto/OtpResponse$UserDto;)Lcom/quckapp/auth/dto/OtpResponse;" line="52"><counter type="INSTRUCTION" missed="0" covered="13"/><counter type="LINE" missed="0" covered="7"/><counter type="COMPLEXITY" missed="0" covered="1"/><counter type="METHOD" missed="0" covered="1"/></method><method name="error" desc="(Ljava/lang/String;)Lcom/quckapp/auth/dto/OtpResponse;" line="62"><counter type="INSTRUCTION" missed="0" covered="7"/><counter type="LINE" missed="0" covered="4"/><counter type="COMPLEXITY" missed="0" covered="1"/><counter type="METHOD" missed="0" covered="1"/></method><method name="error" desc="(Ljava/lang/String;I)Lcom/quckapp/auth/dto/OtpResponse;" line="69"><counter type="INSTRUCTION" missed="0" covered="10"/><counter type="LINE" missed="0" covered="5"/><counter type="COMPLEXITY" missed="0" covered="1"/><counter type="METHOD" missed="0" covered="1"/></method><counter type="INSTRUCTION" missed="0" covered="57"/><counter type="LINE" missed="0" covered="29"/><counter type="COMPLEXITY" missed="0" covered="5"/><counter type="METHOD" missed="0" covered="5"/><counter type="CLASS" missed="0" covered="1"/></class><class name="com/quckapp/auth/dto/UserPreferencesDtos$NotificationPreferencesDto" sourcefilename="UserPreferencesDtos.java"><method name="from" desc="(Lcom/quckapp/auth/domain/entity/UserNotificationPreferences;)Lcom/quckapp/auth/dto/UserPreferencesDtos$NotificationPreferencesDto;" line="53"><counter type="INSTRUCTION" missed="67" covered="0"/><counter type="LINE" missed="23" covered="0"/><counter type="COMPLEXITY" missed="1" covered="0"/><counter type="METHOD" missed="1" covered="0"/></method><counter type="INSTRUCTION" missed="67" covered="0"/><counter type="LINE" missed="23" covered="0"/><counter type="COMPLEXITY" missed="1" covered="0"/><counter type="METHOD" missed="1" covered="0"/><counter type="CLASS" missed="1" covered="0"/></class><class name="com/quckapp/auth/dto/TwoFactorEnableRequest$TwoFactorEnableRequestBuilder" sourcefilename="TwoFactorEnableRequest.java"/><class name="com/quckapp/auth/dto/UserProfileDtos$BatchFcmTokensRequest$BatchFcmTokensRequestBuilder" sourcefilename="UserProfileDtos.java"/><class name="com/quckapp/auth/dto/BackupCodesResponse" sourcefilename="BackupCodesResponse.java"/><class name="com/quckapp/auth/dto/UserProfileDtos$UpdateSettingsRequest$UpdateSettingsRequestBuilder" sourcefilename="UserProfileDtos.java"/><class name="com/quckapp/auth/dto/TwoFactorLoginRequest$TwoFactorLoginRequestBuilder" sourcefilename="TwoFactorLoginRequest.java"/><class name="com/quckapp/auth/dto/TokenValidationRequest" sourcefilename="TokenValidationRequest.java"/><class name="com/quckapp/auth/dto/LoginHistoryDtos$RecordLoginRequest$RecordLoginRequestBuilder" sourcefilename="LoginHistoryDtos.java"/><class name="com/quckapp/auth/dto/UserProfileDtos$LinkDeviceRequest" sourcefilename="UserProfileDtos.java"/><class name="com/quckapp/auth/dto/SessionsResponse" sourcefilename="SessionsResponse.java"/><class name="com/quckapp/auth/dto/PhoneOtpRequest" sourcefilename="PhoneOtpRequest.java"/><class name="com/quckapp/auth/dto/PhoneLoginRequest$PhoneLoginRequestBuilder" sourcefilename="PhoneLoginRequest.java"/><class name="com/quckapp/auth/dto/UserPreferencesDtos$NotificationPreferencesDto$NotificationPreferencesDtoBuilder" sourcefilename="UserPreferencesDtos.java"/><class name="com/quckapp/auth/dto/PhoneVerifyRequest$PhoneVerifyRequestBuilder" sourcefilename="PhoneVerifyRequest.java"/><class name="com/quckapp/auth/dto/RbacDtos$RoleWithPermissionsDto" sourcefilename="RbacDtos.java"><method name="from" desc="(Lcom/quckapp/auth/domain/entity/Role;)Lcom/quckapp/auth/dto/RbacDtos$RoleWithPermissionsDto;" line="65"><counter type="INSTRUCTION" missed="36" covered="0"/><counter type="LINE" missed="13" covered="0"/><counter type="COMPLEXITY" missed="1" covered="0"/><counter type="METHOD" missed="1" covered="0"/></method><method name="lambda$from$0" desc="(Lcom/quckapp/auth/domain/entity/RolePermission;)Lcom/quckapp/auth/dto/RbacDtos$PermissionDto;" line="73"><counter type="INSTRUCTION" missed="4" covered="0"/><counter type="LINE" missed="1" covered="0"/><counter type="COMPLEXITY" missed="1" covered="0"/><counter type="METHOD" missed="1" covered="0"/></method><counter type="INSTRUCTION" missed="40" covered="0"/><counter type="LINE" missed="13" covered="0"/><counter type="COMPLEXITY" missed="2" covered="0"/><counter type="METHOD" missed="2" covered="0"/><counter type="CLASS" missed="1" covered="0"/></class><class name="com/quckapp/auth/dto/ForgotPasswordRequest$ForgotPasswordRequestBuilder" sourcefilename="ForgotPasswordRequest.java"/><class name="com/quckapp/auth/dto/RbacDtos$UserRoleDto" sourcefilename="RbacDtos.java"><method name="from" desc="(Lcom/quckapp/auth/domain/entity/UserRoleAssignment;)Lcom/quckapp/auth/dto/RbacDtos$UserRoleDto;" line="158"><counter type="INSTRUCTION" missed="31" covered="0"/><counter type="LINE" missed="10" covered="0"/><counter type="COMPLEXITY" missed="1" covered="0"/><counter type="METHOD" missed="1" covered="0"/></method><counter type="INSTRUCTION" missed="31" covered="0"/><counter type="LINE" missed="10" covered="0"/><counter type="COMPLEXITY" missed="1" covered="0"/><counter type="METHOD" missed="1" covered="0"/><counter type="CLASS" missed="1" covered="0"/></class><class name="com/quckapp/auth/dto/UserProfileDtos$UserStatisticsDto" sourcefilename="UserProfileDtos.java"/><class name="com/quckapp/auth/dto/RbacDtos$AssignRoleRequest" sourcefilename="RbacDtos.java"/><class name="com/quckapp/auth/dto/SessionDtos$SessionSummaryDto$SessionSummaryDtoBuilder" sourcefilename="SessionDtos.java"/><class name="com/quckapp/auth/dto/UserProfileDtos$MigratedLinkedDevice" sourcefilename="UserProfileDtos.java"/><class name="com/quckapp/auth/dto/LoginHistoryDtos$DailyAnomalyCount$DailyAnomalyCountBuilder" sourcefilename="LoginHistoryDtos.java"/><class name="com/quckapp/auth/dto/UserProfileDtos$UpdateSettingsRequest" sourcefilename="UserProfileDtos.java"/><class name="com/quckapp/auth/dto/ResetPasswordRequest" sourcefilename="ResetPasswordRequest.java"/><class name="com/quckapp/auth/dto/LoginHistoryDtos$CreateAnomalyRequest" sourcefilename="LoginHistoryDtos.java"/><class name="com/quckapp/auth/dto/LoginRequest$LoginRequestBuilder" sourcefilename="LoginRequest.java"/><class name="com/quckapp/auth/dto/UserProfileDtos$UpdateProfileRequest" sourcefilename="UserProfileDtos.java"/><class name="com/quckapp/auth/dto/UserProfileDtos$UserStatisticsDto$UserStatisticsDtoBuilder" sourcefilename="UserProfileDtos.java"/><class name="com/quckapp/auth/dto/SessionDtos$CreateSessionRequest" sourcefilename="SessionDtos.java"/><class name="com/quckapp/auth/dto/LoginHistoryDtos$DailyLoginCount$DailyLoginCountBuilder" sourcefilename="LoginHistoryDtos.java"/><class name="com/quckapp/auth/dto/UserProfileDtos$LinkDeviceRequest$LinkDeviceRequestBuilder" sourcefilename="UserProfileDtos.java"/><class name="com/quckapp/auth/dto/ChangePasswordRequest" sourcefilename="ChangePasswordRequest.java"/><class name="com/quckapp/auth/dto/RbacDtos$RoleDto" sourcefilename="RbacDtos.java"><method name="from" desc="(Lcom/quckapp/auth/domain/entity/Role;)Lcom/quckapp/auth/dto/RbacDtos$RoleDto;" line="36"><counter type="INSTRUCTION" missed="27" covered="0"/><counter type="LINE" missed="10" covered="0"/><counter type="COMPLEXITY" missed="1" covered="0"/><counter type="METHOD" missed="1" covered="0"/></method><counter type="INSTRUCTION" missed="27" covered="0"/><counter type="LINE" missed="10" covered="0"/><counter type="COMPLEXITY" missed="1" covered="0"/><counter type="METHOD" missed="1" covered="0"/><counter type="CLASS" missed="1" covered="0"/></class><class name="com/quckapp/auth/dto/SessionDtos$SessionSummaryDto" sourcefilename="SessionDtos.java"/><class name="com/quckapp/auth/dto/SessionsResponse$SessionsResponseBuilder" sourcefilename="SessionsResponse.java"/><class name="com/quckapp/auth/dto/UserProfileDtos$MigrationResult$MigrationResultBuilder" sourcefilename="UserProfileDtos.java"/><class name="com/quckapp/auth/dto/RevokeTokenRequest" sourcefilename="RevokeTokenRequest.java"/><class name="com/quckapp/auth/dto/UserProfileDtos$UpdateFcmTokenRequest$UpdateFcmTokenRequestBuilder" sourcefilename="UserProfileDtos.java"/><class name="com/quckapp/auth/dto/RbacDtos$UpdateRoleRequest$UpdateRoleRequestBuilder" sourcefilename="RbacDtos.java"/><class name="com/quckapp/auth/dto/UserProfileDtos$MigratedOAuthProvider" sourcefilename="UserProfileDtos.java"/><class name="com/quckapp/auth/dto/AuthResponse$AuthResponseBuilder" sourcefilename="AuthResponse.java"/><class name="com/quckapp/auth/dto/RbacDtos$PermissionDto$PermissionDtoBuilder" sourcefilename="RbacDtos.java"/><class name="com/quckapp/auth/dto/SessionDtos$ActiveSessionDto$ActiveSessionDtoBuilder" sourcefilename="SessionDtos.java"/><class name="com/quckapp/auth/dto/UserPreferencesDtos$TrustDeviceRequest" sourcefilename="UserPreferencesDtos.java"/><class name="com/quckapp/auth/dto/UserProfileDtos$UserProfileDto" sourcefilename="UserProfileDtos.java"><method name="from" desc="(Lcom/quckapp/auth/domain/entity/UserProfile;)Lcom/quckapp/auth/dto/UserProfileDtos$UserProfileDto;" line="98"><counter type="INSTRUCTION" missed="3" covered="73"/><counter type="BRANCH" missed="2" covered="2"/><counter type="LINE" missed="0" covered="24"/><counter type="COMPLEXITY" missed="2" covered="1"/><counter type="METHOD" missed="0" covered="1"/></method><counter type="INSTRUCTION" missed="3" covered="73"/><counter type="BRANCH" missed="2" covered="2"/><counter type="LINE" missed="0" covered="24"/><counter type="COMPLEXITY" missed="2" covered="1"/><counter type="METHOD" missed="0" covered="1"/><counter type="CLASS" missed="0" covered="1"/></class><class name="com/quckapp/auth/dto/RbacDtos$PermissionDto" sourcefilename="RbacDtos.java"><method name="from" desc="(Lcom/quckapp/auth/domain/entity/Permission;)Lcom/quckapp/auth/dto/RbacDtos$PermissionDto;" line="118"><counter type="INSTRUCTION" missed="24" covered="0"/><counter type="LINE" missed="9" covered="0"/><counter type="COMPLEXITY" missed="1" covered="0"/><counter type="METHOD" missed="1" covered="0"/></method><counter type="INSTRUCTION" missed="24" covered="0"/><counter type="LINE" missed="9" covered="0"/><counter type="COMPLEXITY" missed="1" covered="0"/><counter type="METHOD" missed="1" covered="0"/><counter type="CLASS" missed="1" covered="0"/></class><class name="com/quckapp/auth/dto/PhoneLoginRequest" sourcefilename="PhoneLoginRequest.java"/><class name="com/quckapp/auth/dto/ChangePasswordRequest$ChangePasswordRequestBuilder" sourcefilename="ChangePasswordRequest.java"/><class name="com/quckapp/auth/dto/UserInfo" sourcefilename="UserInfo.java"/><class name="com/quckapp/auth/dto/SessionDtos$SessionStatisticsDto" sourcefilename="SessionDtos.java"/><class name="com/quckapp/auth/dto/UserPreferencesDtos$TrustDeviceRequest$TrustDeviceRequestBuilder" sourcefilename="UserPreferencesDtos.java"/><class name="com/quckapp/auth/dto/OtpResponse$UserDto" sourcefilename="OtpResponse.java"/><class name="com/quckapp/auth/dto/PhoneOtpRequest$PhoneOtpRequestBuilder" sourcefilename="PhoneOtpRequest.java"/><class name="com/quckapp/auth/dto/TokenResponse" sourcefilename="TokenResponse.java"/><class name="com/quckapp/auth/dto/TokenValidationRequest$TokenValidationRequestBuilder" sourcefilename="TokenValidationRequest.java"/><class name="com/quckapp/auth/dto/UserProfileDtos$LinkedDeviceDto$LinkedDeviceDtoBuilder" sourcefilename="UserProfileDtos.java"/><class name="com/quckapp/auth/dto/LoginHistoryDtos$RecordLoginRequest" sourcefilename="LoginHistoryDtos.java"/><class name="com/quckapp/auth/dto/TwoFactorDisableRequest$TwoFactorDisableRequestBuilder" sourcefilename="TwoFactorDisableRequest.java"/><class name="com/quckapp/auth/dto/UserPreferencesDtos$UpdateSecurityPreferencesRequest" sourcefilename="UserPreferencesDtos.java"/><class name="com/quckapp/auth/dto/UserProfileDtos" sourcefilename="UserProfileDtos.java"><method name="&lt;init&gt;" desc="()V" line="15"><counter type="INSTRUCTION" missed="3" covered="0"/><counter type="LINE" missed="1" covered="0"/><counter type="COMPLEXITY" missed="1" covered="0"/><counter type="METHOD" missed="1" covered="0"/></method><counter type="INSTRUCTION" missed="3" covered="0"/><counter type="LINE" missed="1" covered="0"/><counter type="COMPLEXITY" missed="1" covered="0"/><counter type="METHOD" missed="1" covered="0"/><counter type="CLASS" missed="1" covered="0"/></class><class name="com/quckapp/auth/dto/RbacDtos$CreateRoleRequest$CreateRoleRequestBuilder" sourcefilename="RbacDtos.java"/><class name="com/quckapp/auth/dto/SessionDtos$UserSessionsResponse$UserSessionsResponseBuilder" sourcefilename="SessionDtos.java"/><class name="com/quckapp/auth/dto/UserPreferencesDtos$UserPreferencesDto$UserPreferencesDtoBuilder" sourcefilename="UserPreferencesDtos.java"/><class name="com/quckapp/auth/dto/UserInfo$UserInfoBuilder" sourcefilename="UserInfo.java"/><class name="com/quckapp/auth/dto/LoginHistoryDtos$ResolveAnomalyRequest" sourcefilename="LoginHistoryDtos.java"/><class name="com/quckapp/auth/dto/TwoFactorEnableResponse$TwoFactorEnableResponseBuilder" sourcefilename="TwoFactorEnableResponse.java"/><class name="com/quckapp/auth/dto/RefreshTokenRequest$RefreshTokenRequestBuilder" sourcefilename="RefreshTokenRequest.java"/><class name="com/quckapp/auth/dto/OAuthRequest$OAuthRequestBuilder" sourcefilename="OAuthRequest.java"/><class name="com/quckapp/auth/dto/UserProfileDtos$MigratedSettingsRequest$MigratedSettingsRequestBuilder" sourcefilename="UserProfileDtos.java"/><class name="com/quckapp/auth/dto/SessionDtos$SessionStatisticsDto$SessionStatisticsDtoBuilder" sourcefilename="SessionDtos.java"/><class name="com/quckapp/auth/dto/SessionDtos$SessionActivityDto" sourcefilename="SessionDtos.java"><method name="from" desc="(Lcom/quckapp/auth/domain/entity/SessionActivity;)Lcom/quckapp/auth/dto/SessionDtos$SessionActivityDto;" line="127"><counter type="INSTRUCTION" missed="0" covered="25"/><counter type="LINE" missed="0" covered="9"/><counter type="COMPLEXITY" missed="0" covered="1"/><counter type="METHOD" missed="0" covered="1"/></method><counter type="INSTRUCTION" missed="0" covered="25"/><counter type="LINE" missed="0" covered="9"/><counter type="COMPLEXITY" missed="0" covered="1"/><counter type="METHOD" missed="0" covered="1"/><counter type="CLASS" missed="0" covered="1"/></class><class name="com/quckapp/auth/dto/MessageResponse$MessageResponseBuilder" sourcefilename="MessageResponse.java"/><class name="com/quckapp/auth/dto/UserProfileDtos$BanUserRequest" sourcefilename="UserProfileDtos.java"/><class name="com/quckapp/auth/dto/RbacDtos$UserPermissionsDto$UserPermissionsDtoBuilder" sourcefilename="RbacDtos.java"/><class name="com/quckapp/auth/dto/UserProfileDtos$UpdateFcmTokenRequest" sourcefilename="UserProfileDtos.java"/><class name="com/quckapp/auth/dto/UserProfileDtos$UserSettingsDto$UserSettingsDtoBuilder" sourcefilename="UserProfileDtos.java"/><class name="com/quckapp/auth/dto/SessionDtos$ActiveSessionDto" sourcefilename="SessionDtos.java"><method name="from" desc="(Lcom/quckapp/auth/domain/entity/ActiveSession;)Lcom/quckapp/auth/dto/SessionDtos$ActiveSessionDto;" line="48"><counter type="INSTRUCTION" missed="0" covered="63"/><counter type="LINE" missed="0" covered="22"/><counter type="COMPLEXITY" missed="0" covered="1"/><counter type="METHOD" missed="0" covered="1"/></method><method name="markAsCurrent" desc="()Lcom/quckapp/auth/dto/SessionDtos$ActiveSessionDto;" line="73"><counter type="INSTRUCTION" missed="0" covered="5"/><counter type="LINE" missed="0" covered="2"/><counter type="COMPLEXITY" missed="0" covered="1"/><counter type="METHOD" missed="0" covered="1"/></method><counter type="INSTRUCTION" missed="0" covered="68"/><counter type="LINE" missed="0" covered="24"/><counter type="COMPLEXITY" missed="0" covered="2"/><counter type="METHOD" missed="0" covered="2"/><counter type="CLASS" missed="0" covered="1"/></class><class name="com/quckapp/auth/dto/UserProfileDtos$MigrationResult" sourcefilename="UserProfileDtos.java"/><class name="com/quckapp/auth/dto/UserProfileDtos$UserSettingsDto" sourcefilename="UserProfileDtos.java"><method name="from" desc="(Lcom/quckapp/auth/domain/entity/UserSettings;)Lcom/quckapp/auth/dto/UserProfileDtos$UserSettingsDto;" line="227"><counter type="INSTRUCTION" missed="70" covered="0"/><counter type="BRANCH" missed="2" covered="0"/><counter type="LINE" missed="24" covered="0"/><counter type="COMPLEXITY" missed="2" covered="0"/><counter type="METHOD" missed="1" covered="0"/></method><counter type="INSTRUCTION" missed="70" covered="0"/><counter type="BRANCH" missed="2" covered="0"/><counter type="LINE" missed="24" covered="0"/><counter type="COMPLEXITY" missed="2" covered="0"/><counter type="METHOD" missed="1" covered="0"/><counter type="CLASS" missed="1" covered="0"/></class><class name="com/quckapp/auth/dto/UserProfileDtos$UserProfileDto$UserProfileDtoBuilder" sourcefilename="UserProfileDtos.java"/><class name="com/quckapp/auth/dto/UserProfileDtos$UserProfileSummaryDto" sourcefilename="UserProfileDtos.java"><method name="from" desc="(Lcom/quckapp/auth/domain/entity/UserProfile;)Lcom/quckapp/auth/dto/UserProfileDtos$UserProfileSummaryDto;" line="140"><counter type="INSTRUCTION" missed="3" covered="34"/><counter type="BRANCH" missed="2" covered="2"/><counter type="LINE" missed="0" covered="11"/><counter type="COMPLEXITY" missed="2" covered="1"/><counter type="METHOD" missed="0" covered="1"/></method><counter type="INSTRUCTION" missed="3" covered="34"/><counter type="BRANCH" missed="2" covered="2"/><counter type="LINE" missed="0" covered="11"/><counter type="COMPLEXITY" missed="2" covered="1"/><counter type="METHOD" missed="0" covered="1"/><counter type="CLASS" missed="0" covered="1"/></class><class name="com/quckapp/auth/dto/LoginHistoryDtos$AnomalyStatisticsDto$AnomalyStatisticsDtoBuilder" sourcefilename="LoginHistoryDtos.java"/><class name="com/quckapp/auth/dto/LoginRequest" sourcefilename="LoginRequest.java"/><class name="com/quckapp/auth/dto/UserPreferencesDtos$TrustedDeviceDto" sourcefilename="UserPreferencesDtos.java"><method name="from" desc="(Lcom/quckapp/auth/domain/entity/TrustedDevice;)Lcom/quckapp/auth/dto/UserPreferencesDtos$TrustedDeviceDto;" line="199"><counter type="INSTRUCTION" missed="37" covered="0"/><counter type="LINE" missed="13" covered="0"/><counter type="COMPLEXITY" missed="1" covered="0"/><counter type="METHOD" missed="1" covered="0"/></method><counter type="INSTRUCTION" missed="37" covered="0"/><counter type="LINE" missed="13" covered="0"/><counter type="COMPLEXITY" missed="1" covered="0"/><counter type="METHOD" missed="1" covered="0"/><counter type="CLASS" missed="1" covered="0"/></class><class name="com/quckapp/auth/dto/PhoneVerifyRequest" sourcefilename="PhoneVerifyRequest.java"/><sourcefile name="ForgotPasswordRequest.java"/><sourcefile name="TwoFactorEnableResponse.java"/><sourcefile name="TokenValidationRequest.java"/><sourcefile name="PhoneOtpRequest.java"/><sourcefile name="RbacDtos.java"><line nr="17" mi="3" ci="0" mb="0" cb="0"/><line nr="36" mi="3" ci="0" mb="0" cb="0"/><line nr="37" mi="3" ci="0" mb="0" cb="0"/><line nr="38" mi="3" ci="0" mb="0" cb="0"/><line nr="39" mi="3" ci="0" mb="0" cb="0"/><line nr="40" mi="3" ci="0" mb="0" cb="0"/><line nr="41" mi="3" ci="0" mb="0" cb="0"/><line nr="42" mi="3" ci="0" mb="0" cb="0"/><line nr="43" mi="3" ci="0" mb="0" cb="0"/><line nr="44" mi="2" ci="0" mb="0" cb="0"/><line nr="45" mi="1" ci="0" mb="0" cb="0"/><line nr="65" mi="3" ci="0" mb="0" cb="0"/><line nr="66" mi="3" ci="0" mb="0" cb="0"/><line nr="67" mi="3" ci="0" mb="0" cb="0"/><line nr="68" mi="3" ci="0" mb="0" cb="0"/><line nr="69" mi="3" ci="0" mb="0" cb="0"/><line nr="70" mi="3" ci="0" mb="0" cb="0"/><line nr="71" mi="3" ci="0" mb="0" cb="0"/><line nr="72" mi="5" ci="0" mb="0" cb="0"/><line nr="73" mi="5" ci="0" mb="0" cb="0"/><line nr="74" mi="3" ci="0" mb="0" cb="0"/><line nr="75" mi="3" ci="0" mb="0" cb="0"/><line nr="76" mi="2" ci="0" mb="0" cb="0"/><line nr="77" mi="1" ci="0" mb="0" cb="0"/><line nr="118" mi="3" ci="0" mb="0" cb="0"/><line nr="119" mi="3" ci="0" mb="0" cb="0"/><line nr="120" mi="3" ci="0" mb="0" cb="0"/><line nr="121" mi="3" ci="0" mb="0" cb="0"/><line nr="122" mi="3" ci="0" mb="0" cb="0"/><line nr="123" mi="3" ci="0" mb="0" cb="0"/><line nr="124" mi="3" ci="0" mb="0" cb="0"/><line nr="125" mi="2" ci="0" mb="0" cb="0"/><line nr="126" mi="1" ci="0" mb="0" cb="0"/><line nr="158" mi="3" ci="0" mb="0" cb="0"/><line nr="159" mi="4" ci="0" mb="0" cb="0"/><line nr="160" mi="4" ci="0" mb="0" cb="0"/><line nr="161" mi="4" ci="0" mb="0" cb="0"/><line nr="162" mi="4" ci="0" mb="0" cb="0"/><line nr="163" mi="3" ci="0" mb="0" cb="0"/><line nr="164" mi="3" ci="0" mb="0" cb="0"/><line nr="165" mi="3" ci="0" mb="0" cb="0"/><line nr="166" mi="2" ci="0" mb="0" cb="0"/><line nr="167" mi="1" ci="0" mb="0" cb="0"/><counter type="INSTRUCTION" missed="125" covered="0"/><counter type="LINE" missed="43" covered="0"/><counter type="COMPLEXITY" missed="6" covered="0"/><counter type="METHOD" missed="6" covered="0"/><counter type="CLASS" missed="5" covered="0"/></sourcefile><sourcefile name="TwoFactorEnableRequest.java"/><sourcefile name="ResetPasswordRequest.java"/><sourcefile name="TokenValidationResponse.java"/><sourcefile name="TwoFactorSetupResponse.java"/><sourcefile name="AuthResponse.java"/><sourcefile name="SessionInfo.java"/><sourcefile name="ClientInfo.java"/><sourcefile name="UserInfo.java"/><sourcefile name="OtpResponse.java"><line nr="33" mi="0" ci="3" mb="0" cb="0"/><line nr="34" mi="0" ci="2" mb="0" cb="0"/><line nr="35" mi="0" ci="2" mb="0" cb="0"/><line nr="36" mi="0" ci="2" mb="0" cb="0"/><line nr="37" mi="0" ci="3" mb="0" cb="0"/><line nr="38" mi="0" ci="2" mb="0" cb="0"/><line nr="39" mi="0" ci="1" mb="0" cb="0"/><line nr="43" mi="0" ci="3" mb="0" cb="0"/><line nr="44" mi="0" ci="2" mb="0" cb="0"/><line nr="45" mi="0" ci="2" mb="0" cb="0"/><line nr="46" mi="0" ci="3" mb="0" cb="0"/><line nr="47" mi="0" ci="1" mb="0" cb="0"/><line nr="48" mi="0" ci="1" mb="0" cb="0"/><line nr="52" mi="0" ci="3" mb="0" cb="0"/><line nr="53" mi="0" ci="2" mb="0" cb="0"/><line nr="54" mi="0" ci="2" mb="0" cb="0"/><line nr="55" mi="0" ci="2" mb="0" cb="0"/><line nr="56" mi="0" ci="2" mb="0" cb="0"/><line nr="57" mi="0" ci="1" mb="0" cb="0"/><line nr="58" mi="0" ci="1" mb="0" cb="0"/><line nr="62" mi="0" ci="3" mb="0" cb="0"/><line nr="63" mi="0" ci="2" mb="0" cb="0"/><line nr="64" mi="0" ci="1" mb="0" cb="0"/><line nr="65" mi="0" ci="1" mb="0" cb="0"/><line nr="69" mi="0" ci="3" mb="0" cb="0"/><line nr="70" mi="0" ci="2" mb="0" cb="0"/><line nr="71" mi="0" ci="2" mb="0" cb="0"/><line nr="72" mi="0" ci="2" mb="0" cb="0"/><line nr="73" mi="0" ci="1" mb="0" cb="0"/><counter type="INSTRUCTION" missed="0" covered="57"/><counter type="LINE" missed="0" covered="29"/><counter type="COMPLEXITY" missed="0" covered="5"/><counter type="METHOD" missed="0" covered="5"/><counter type="CLASS" missed="0" covered="1"/></sourcefile><sourcefile name="SessionDtos.java"><line nr="17" mi="3" ci="0" mb="0" cb="0"/><line nr="48" mi="0" ci="3" mb="0" cb="0"/><line nr="49" mi="0" ci="3" mb="0" cb="0"/><line nr="50" mi="0" ci="4" mb="0" cb="0"/><line nr="51" mi="0" ci="3" mb="0" cb="0"/><line nr="52" mi="0" ci="3" mb="0" cb="0"/><line nr="53" mi="0" ci="3" mb="0" cb="0"/><line nr="54" mi="0" ci="3" mb="0" cb="0"/><line nr="55" mi="0" ci="3" mb="0" cb="0"/><line nr="56" mi="0" ci="3" mb="0" cb="0"/><line nr="57" mi="0" ci="3" mb="0" cb="0"/><line nr="58" mi="0" ci="3" mb="0" cb="0"/><line nr="59" mi="0" ci="3" mb="0" cb="0"/><line nr="60" mi="0" ci="3" mb="0" cb="0"/><line nr="61" mi="0" ci="3" mb="0" cb="0"/><line nr="62" mi="0" ci="3" mb="0" cb="0"/><line nr="63" mi="0" ci="3" mb="0" cb="0"/><line nr="64" mi="0" ci="3" mb="0" cb="0"/><line nr="65" mi="0" ci="3" mb="0" cb="0"/><line nr="66" mi="0" ci="3" mb="0" cb="0"/><line nr="67" mi="0" ci="3" mb="0" cb="0"/><line nr="68" mi="0" ci="1" mb="0" cb="0"/><line nr="69" mi="0" ci="1" mb="0" cb="0"/><line nr="73" mi="0" ci="3" mb="0" cb="0"/><line nr="74" mi="0" ci="2" mb="0" cb="0"/><line nr="127" mi="0" ci="3" mb="0" cb="0"/><line nr="128" mi="0" ci="3" mb="0" cb="0"/><line nr="129" mi="0" ci="4" mb="0" cb="0"/><line nr="130" mi="0" ci="3" mb="0" cb="0"/><line nr="131" mi="0" ci="3" mb="0" cb="0"/><line nr="132" mi="0" ci="3" mb="0" cb="0"/><line nr="133" mi="0" ci="3" mb="0" cb="0"/><line nr="134" mi="0" ci="2" mb="0" cb="0"/><line nr="135" mi="0" ci="1" mb="0" cb="0"/><counter type="INSTRUCTION" missed="3" covered="93"/><counter type="LINE" missed="1" covered="33"/><counter type="COMPLEXITY" missed="1" covered="3"/><counter type="METHOD" missed="1" covered="3"/><counter type="CLASS" missed="1" covered="2"/></sourcefile><sourcefile name="UserPreferencesDtos.java"><line nr="16" mi="3" ci="0" mb="0" cb="0"/><line nr="53" mi="3" ci="0" mb="0" cb="0"/><line nr="54" mi="3" ci="0" mb="0" cb="0"/><line nr="55" mi="4" ci="0" mb="0" cb="0"/><line nr="56" mi="3" ci="0" mb="0" cb="0"/><line nr="57" mi="3" ci="0" mb="0" cb="0"/><line nr="58" mi="3" ci="0" mb="0" cb="0"/><line nr="59" mi="3" ci="0" mb="0" cb="0"/><line nr="60" mi="3" ci="0" mb="0" cb="0"/><line nr="61" mi="3" ci="0" mb="0" cb="0"/><line nr="62" mi="3" ci="0" mb="0" cb="0"/><line nr="63" mi="3" ci="0" mb="0" cb="0"/><line nr="64" mi="3" ci="0" mb="0" cb="0"/><line nr="65" mi="3" ci="0" mb="0" cb="0"/><line nr="66" mi="3" ci="0" mb="0" cb="0"/><line nr="67" mi="3" ci="0" mb="0" cb="0"/><line nr="68" mi="3" ci="0" mb="0" cb="0"/><line nr="69" mi="3" ci="0" mb="0" cb="0"/><line nr="70" mi="3" ci="0" mb="0" cb="0"/><line nr="71" mi="3" ci="0" mb="0" cb="0"/><line nr="72" mi="3" ci="0" mb="0" cb="0"/><line nr="73" mi="3" ci="0" mb="0" cb="0"/><line nr="74" mi="2" ci="0" mb="0" cb="0"/><line nr="75" mi="1" ci="0" mb="0" cb="0"/><line nr="137" mi="3" ci="0" mb="0" cb="0"/><line nr="138" mi="3" ci="0" mb="0" cb="0"/><line nr="139" mi="4" ci="0" mb="0" cb="0"/><line nr="140" mi="3" ci="0" mb="0" cb="0"/><line nr="141" mi="3" ci="0" mb="0" cb="0"/><line nr="142" mi="3" ci="0" mb="0" cb="0"/><line nr="143" mi="3" ci="0" mb="0" cb="0"/><line nr="144" mi="3" ci="0" mb="0" cb="0"/><line nr="145" mi="3" ci="0" mb="0" cb="0"/><line nr="146" mi="3" ci="0" mb="0" cb="0"/><line nr="147" mi="3" ci="0" mb="0" cb="0"/><line nr="148" mi="3" ci="0" mb="0" cb="0"/><line nr="149" mi="3" ci="0" mb="0" cb="0"/><line nr="150" mi="3" ci="0" mb="0" cb="0"/><line nr="151" mi="3" ci="0" mb="0" cb="0"/><line nr="152" mi="3" ci="0" mb="0" cb="0"/><line nr="153" mi="2" ci="0" mb="0" cb="0"/><line nr="154" mi="1" ci="0" mb="0" cb="0"/><line nr="199" mi="3" ci="0" mb="0" cb="0"/><line nr="200" mi="3" ci="0" mb="0" cb="0"/><line nr="201" mi="4" ci="0" mb="0" cb="0"/><line nr="202" mi="3" ci="0" mb="0" cb="0"/><line nr="203" mi="3" ci="0" mb="0" cb="0"/><line nr="204" mi="3" ci="0" mb="0" cb="0"/><line nr="205" mi="3" ci="0" mb="0" cb="0"/><line nr="206" mi="3" ci="0" mb="0" cb="0"/><line nr="207" mi="3" ci="0" mb="0" cb="0"/><line nr="208" mi="3" ci="0" mb="0" cb="0"/><line nr="209" mi="3" ci="0" mb="0" cb="0"/><line nr="210" mi="2" ci="0" mb="0" cb="0"/><line nr="211" mi="1" ci="0" mb="0" cb="0"/><counter type="INSTRUCTION" missed="159" covered="0"/><counter type="LINE" missed="55" covered="0"/><counter type="COMPLEXITY" missed="4" covered="0"/><counter type="METHOD" missed="4" covered="0"/><counter type="CLASS" missed="4" covered="0"/></sourcefile><sourcefile name="RegisterRequest.java"/><sourcefile name="TokenResponse.java"/><sourcefile name="TwoFactorVerifyRequest.java"/><sourcefile name="TwoFactorLoginRequest.java"/><sourcefile name="LoginRequest.java"/><sourcefile name="LoginHistoryDtos.java"><line nr="15" mi="3" ci="0" mb="0" cb="0"/><line nr="48" mi="0" ci="3" mb="0" cb="0"/><line nr="49" mi="0" ci="2" mb="0" cb="0"/><line nr="50" mi="0" ci="10" mb="0" cb="2"/><line nr="51" mi="0" ci="3" mb="0" cb="0"/><line nr="52" mi="0" ci="3" mb="0" cb="0"/><line nr="53" mi="0" ci="3" mb="0" cb="0"/><line nr="54" mi="0" ci="3" mb="0" cb="0"/><line nr="55" mi="0" ci="3" mb="0" cb="0"/><line nr="56" mi="0" ci="3" mb="0" cb="0"/><line nr="57" mi="0" ci="3" mb="0" cb="0"/><line nr="58" mi="0" ci="3" mb="0" cb="0"/><line nr="59" mi="0" ci="3" mb="0" cb="0"/><line nr="60" mi="0" ci="3" mb="0" cb="0"/><line nr="61" mi="0" ci="3" mb="0" cb="0"/><line nr="62" mi="0" ci="3" mb="0" cb="0"/><line nr="63" mi="0" ci="3" mb="0" cb="0"/><line nr="64" mi="0" ci="3" mb="0" cb="0"/><line nr="65" mi="0" ci="3" mb="0" cb="0"/><line nr="66" mi="0" ci="3" mb="0" cb="0"/><line nr="67" mi="0" ci="3" mb="0" cb="0"/><line nr="68" mi="0" ci="3" mb="0" cb="0"/><line nr="69" mi="0" ci="3" mb="0" cb="0"/><line nr="70" mi="0" ci="2" mb="0" cb="0"/><line nr="71" mi="0" ci="1" mb="0" cb="0"/><line nr="131" mi="0" ci="3" mb="0" cb="0"/><line nr="132" mi="0" ci="3" mb="0" cb="0"/><line nr="133" mi="0" ci="3" mb="0" cb="0"/><line nr="134" mi="4" ci="6" mb="1" cb="1"/><line nr="135" mi="0" ci="3" mb="0" cb="0"/><line nr="136" mi="0" ci="3" mb="0" cb="0"/><line nr="137" mi="0" ci="3" mb="0" cb="0"/><line nr="138" mi="0" ci="3" mb="0" cb="0"/><line nr="139" mi="0" ci="3" mb="0" cb="0"/><line nr="140" mi="0" ci="3" mb="0" cb="0"/><line nr="141" mi="0" ci="3" mb="0" cb="0"/><line nr="142" mi="0" ci="2" mb="0" cb="0"/><line nr="143" mi="0" ci="1" mb="0" cb="0"/><counter type="INSTRUCTION" missed="7" covered="114"/><counter type="BRANCH" missed="1" covered="3"/><counter type="LINE" missed="1" covered="37"/><counter type="COMPLEXITY" missed="2" covered="3"/><counter type="METHOD" missed="1" covered="2"/><counter type="CLASS" missed="1" covered="2"/></sourcefile><sourcefile name="OAuthRequest.java"/><sourcefile name="BackupCodesResponse.java"/><sourcefile name="PhoneLoginRequest.java"/><sourcefile name="UserProfileDtos.java"><line nr="15" mi="3" ci="0" mb="0" cb="0"/><line nr="98" mi="2" ci="2" mb="1" cb="1"/><line nr="99" mi="0" ci="3" mb="0" cb="0"/><line nr="100" mi="0" ci="2" mb="0" cb="0"/><line nr="101" mi="1" ci="9" mb="1" cb="1"/><line nr="102" mi="0" ci="3" mb="0" cb="0"/><line nr="103" mi="0" ci="3" mb="0" cb="0"/><line nr="104" mi="0" ci="3" mb="0" cb="0"/><line nr="105" mi="0" ci="3" mb="0" cb="0"/><line nr="106" mi="0" ci="3" mb="0" cb="0"/><line nr="107" mi="0" ci="3" mb="0" cb="0"/><line nr="108" mi="0" ci="3" mb="0" cb="0"/><line nr="109" mi="0" ci="3" mb="0" cb="0"/><line nr="110" mi="0" ci="3" mb="0" cb="0"/><line nr="111" mi="0" ci="3" mb="0" cb="0"/><line nr="112" mi="0" ci="3" mb="0" cb="0"/><line nr="113" mi="0" ci="3" mb="0" cb="0"/><line nr="114" mi="0" ci="3" mb="0" cb="0"/><line nr="115" mi="0" ci="3" mb="0" cb="0"/><line nr="116" mi="0" ci="3" mb="0" cb="0"/><line nr="117" mi="0" ci="3" mb="0" cb="0"/><line nr="118" mi="0" ci="3" mb="0" cb="0"/><line nr="119" mi="0" ci="3" mb="0" cb="0"/><line nr="120" mi="0" ci="2" mb="0" cb="0"/><line nr="121" mi="0" ci="1" mb="0" cb="0"/><line nr="140" mi="2" ci="2" mb="1" cb="1"/><line nr="141" mi="0" ci="3" mb="0" cb="0"/><line nr="142" mi="0" ci="2" mb="0" cb="0"/><line nr="143" mi="1" ci="9" mb="1" cb="1"/><line nr="144" mi="0" ci="3" mb="0" cb="0"/><line nr="145" mi="0" ci="3" mb="0" cb="0"/><line nr="146" mi="0" ci="3" mb="0" cb="0"/><line nr="147" mi="0" ci="3" mb="0" cb="0"/><line nr="148" mi="0" ci="3" mb="0" cb="0"/><line nr="149" mi="0" ci="2" mb="0" cb="0"/><line nr="150" mi="0" ci="1" mb="0" cb="0"/><line nr="227" mi="4" ci="0" mb="2" cb="0"/><line nr="228" mi="3" ci="0" mb="0" cb="0"/><line nr="229" mi="3" ci="0" mb="0" cb="0"/><line nr="230" mi="3" ci="0" mb="0" cb="0"/><line nr="231" mi="3" ci="0" mb="0" cb="0"/><line nr="232" mi="3" ci="0" mb="0" cb="0"/><line nr="233" mi="3" ci="0" mb="0" cb="0"/><line nr="234" mi="3" ci="0" mb="0" cb="0"/><line nr="235" mi="3" ci="0" mb="0" cb="0"/><line nr="236" mi="3" ci="0" mb="0" cb="0"/><line nr="237" mi="3" ci="0" mb="0" cb="0"/><line nr="238" mi="3" ci="0" mb="0" cb="0"/><line nr="239" mi="3" ci="0" mb="0" cb="0"/><line nr="240" mi="3" ci="0" mb="0" cb="0"/><line nr="241" mi="3" ci="0" mb="0" cb="0"/><line nr="242" mi="3" ci="0" mb="0" cb="0"/><line nr="243" mi="3" ci="0" mb="0" cb="0"/><line nr="244" mi="3" ci="0" mb="0" cb="0"/><line nr="245" mi="3" ci="0" mb="0" cb="0"/><line nr="246" mi="3" ci="0" mb="0" cb="0"/><line nr="247" mi="3" ci="0" mb="0" cb="0"/><line nr="248" mi="3" ci="0" mb="0" cb="0"/><line nr="249" mi="2" ci="0" mb="0" cb="0"/><line nr="250" mi="1" ci="0" mb="0" cb="0"/><line nr="304" mi="4" ci="0" mb="2" cb="0"/><line nr="305" mi="3" ci="0" mb="0" cb="0"/><line nr="306" mi="3" ci="0" mb="0" cb="0"/><line nr="307" mi="3" ci="0" mb="0" cb="0"/><line nr="308" mi="3" ci="0" mb="0" cb="0"/><line nr="309" mi="3" ci="0" mb="0" cb="0"/><line nr="310" mi="3" ci="0" mb="0" cb="0"/><line nr="311" mi="3" ci="0" mb="0" cb="0"/><line nr="312" mi="2" ci="0" mb="0" cb="0"/><line nr="313" mi="1" ci="0" mb="0" cb="0"/><counter type="INSTRUCTION" missed="107" covered="107"/><counter type="BRANCH" missed="8" covered="4"/><counter type="LINE" missed="35" covered="35"/><counter type="COMPLEXITY" missed="9" covered="2"/><counter type="METHOD" missed="3" covered="2"/><counter type="CLASS" missed="3" covered="2"/></sourcefile><sourcefile name="MessageResponse.java"/><sourcefile name="RevokeTokenRequest.java"/><sourcefile name="RefreshTokenRequest.java"/><sourcefile name="SessionsResponse.java"/><sourcefile name="PhoneVerifyRequest.java"/><sourcefile name="TwoFactorDisableRequest.java"/><sourcefile name="ChangePasswordRequest.java"/><counter type="INSTRUCTION" missed="401" covered="371"/><counter type="BRANCH" missed="9" covered="7"/><counter type="LINE" missed="135" covered="134"/><counter type="COMPLEXITY" missed="22" covered="13"/><counter type="METHOD" missed="15" covered="12"/><counter type="CLASS" missed="14" covered="7"/></package><package name="com/quckapp/auth/config"><class name="com/quckapp/auth/config/SecurityConfig" sourcefilename="SecurityConfig.java"><method name="securityFilterChain" desc="(Lorg/springframework/security/config/annotation/web/builders/HttpSecurity;)Lorg/springframework/security/web/SecurityFilterChain;" line="52"><counter type="INSTRUCTION" missed="13" covered="0"/><counter type="LINE" missed="6" covered="0"/><counter type="COMPLEXITY" missed="1" covered="0"/><counter type="METHOD" missed="1" covered="0"/></method><method name="passwordEncoder" desc="()Lorg/springframework/security/crypto/password/PasswordEncoder;" line="75"><counter type="INSTRUCTION" missed="4" covered="0"/><counter type="LINE" missed="1" covered="0"/><counter type="COMPLEXITY" missed="1" covered="0"/><counter type="METHOD" missed="1" covered="0"/></method><method name="lambda$securityFilterChain$2" desc="(Lorg/springframework/security/config/annotation/web/configurers/oauth2/client/OAuth2LoginConfigurer;)V" line="60"><counter type="INSTRUCTION" missed="18" covered="0"/><counter type="LINE" missed="5" covered="0"/><counter type="COMPLEXITY" missed="1" covered="0"/><counter type="METHOD" missed="1" covered="0"/></method><method name="lambda$securityFilterChain$5" desc="(Lorg/springframework/security/config/annotation/web/configurers/oauth2/client/OAuth2LoginConfigurer$UserInfoEndpointConfig;)V" line="65"><counter type="INSTRUCTION" missed="9" covered="0"/><counter type="LINE" missed="3" covered="0"/><counter type="COMPLEXITY" missed="1" covered="0"/><counter type="METHOD" missed="1" covered="0"/></method><method name="lambda$securityFilterChain$4" desc="(Lorg/springframework/security/config/annotation/web/configurers/oauth2/client/OAuth2LoginConfigurer$RedirectionEndpointConfig;)V" line="63"><counter type="INSTRUCTION" missed="5" covered="0"/><counter type="LINE" missed="2" covered="0"/><counter type="COMPLEXITY" missed="1" covered="0"/><counter type="METHOD" missed="1" covered="0"/></method><method name="lambda$securityFilterChain$3" desc="(Lorg/springframework/security/config/annotation/web/configurers/oauth2/client/OAuth2LoginConfigurer$AuthorizationEndpointConfig;)V" line="60"><counter type="INSTRUCTION" missed="8" covered="0"/><counter type="LINE" missed="3" covered="0"/><counter type="COMPLEXITY" missed="1" covered="0"/><counter type="METHOD" missed="1" covered="0"/></method><method name="lambda$securityFilterChain$1" desc="(Lorg/springframework/security/config/annotation/web/configurers/AuthorizeHttpRequestsConfigurer$AuthorizationManagerRequestMatcherRegistry;)V" line="57"><counter type="INSTRUCTION" missed="10" covered="0"/><counter type="LINE" missed="2" covered="0"/><counter type="COMPLEXITY" missed="1" covered="0"/><counter type="METHOD" missed="1" covered="0"/></method><method name="lambda$securityFilterChain$0" desc="(Lorg/springframework/security/config/annotation/web/configurers/SessionManagementConfigurer;)V" line="54"><counter type="INSTRUCTION" missed="5" covered="0"/><counter type="LINE" missed="2" covered="0"/><counter type="COMPLEXITY" missed="1" covered="0"/><counter type="METHOD" missed="1" covered="0"/></method><method name="&lt;clinit&gt;" desc="()V" line="26"><counter type="INSTRUCTION" missed="68" covered="0"/><counter type="LINE" missed="1" covered="0"/><counter type="COMPLEXITY" missed="1" covered="0"/><counter type="METHOD" missed="1" covered="0"/></method><counter type="INSTRUCTION" missed="140" covered="0"/><counter type="LINE" missed="21" covered="0"/><counter type="COMPLEXITY" missed="9" covered="0"/><counter type="METHOD" missed="9" covered="0"/><counter type="CLASS" missed="1" covered="0"/></class><sourcefile name="SecurityConfig.java"><line nr="26" mi="68" ci="0" mb="0" cb="0"/><line nr="52" mi="3" ci="0" mb="0" cb="0"/><line nr="53" mi="2" ci="0" mb="0" cb="0"/><line nr="54" mi="5" ci="0" mb="0" cb="0"/><line nr="55" mi="2" ci="0" mb="0" cb="0"/><line nr="56" mi="3" ci="0" mb="0" cb="0"/><line nr="57" mi="3" ci="0" mb="0" cb="0"/><line nr="58" mi="7" ci="0" mb="0" cb="0"/><line nr="59" mi="1" ci="0" mb="0" cb="0"/><line nr="60" mi="5" ci="0" mb="0" cb="0"/><line nr="61" mi="3" ci="0" mb="0" cb="0"/><line nr="62" mi="2" ci="0" mb="0" cb="0"/><line nr="63" mi="6" ci="0" mb="0" cb="0"/><line nr="64" mi="2" ci="0" mb="0" cb="0"/><line nr="65" mi="7" ci="0" mb="0" cb="0"/><line nr="66" mi="3" ci="0" mb="0" cb="0"/><line nr="67" mi="2" ci="0" mb="0" cb="0"/><line nr="68" mi="8" ci="0" mb="0" cb="0"/><line nr="69" mi="2" ci="0" mb="0" cb="0"/><line nr="70" mi="2" ci="0" mb="0" cb="0"/><line nr="75" mi="4" ci="0" mb="0" cb="0"/><counter type="INSTRUCTION" missed="140" covered="0"/><counter type="LINE" missed="21" covered="0"/><counter type="COMPLEXITY" missed="9" covered="0"/><counter type="METHOD" missed="9" covered="0"/><counter type="CLASS" missed="1" covered="0"/></sourcefile><counter type="INSTRUCTION" missed="140" covered="0"/><counter type="LINE" missed="21" covered="0"/><counter type="COMPLEXITY" missed="9" covered="0"/><counter type="METHOD" missed="9" covered="0"/><counter type="CLASS" missed="1" covered="0"/></package><package name="com/quckapp/auth/domain/entity"><class name="com/quckapp/auth/domain/entity/UserSettings" sourcefilename="UserSettings.java"><method name="blockUser" desc="(Ljava/util/UUID;)V" line="113"><counter type="INSTRUCTION" missed="14" covered="0"/><counter type="BRANCH" missed="2" covered="0"/><counter type="LINE" missed="4" covered="0"/><counter type="COMPLEXITY" missed="2" covered="0"/><counter type="METHOD" missed="1" covered="0"/></method><method name="unblockUser" desc="(Ljava/util/UUID;)V" line="120"><counter type="INSTRUCTION" missed="9" covered="0"/><counter type="BRANCH" missed="2" covered="0"/><counter type="LINE" missed="3" covered="0"/><counter type="COMPLEXITY" missed="2" covered="0"/><counter type="METHOD" missed="1" covered="0"/></method><method name="isBlocked" desc="(Ljava/util/UUID;)Z" line="126"><counter type="INSTRUCTION" missed="12" covered="0"/><counter type="BRANCH" missed="4" covered="0"/><counter type="LINE" missed="1" covered="0"/><counter type="COMPLEXITY" missed="3" covered="0"/><counter type="METHOD" missed="1" covered="0"/></method><method name="createDefault" desc="(Lcom/quckapp/auth/domain/entity/UserProfile;)Lcom/quckapp/auth/domain/entity/UserSettings;" line="130"><counter type="INSTRUCTION" missed="0" covered="43"/><counter type="LINE" missed="0" covered="21"/><counter type="COMPLEXITY" missed="0" covered="1"/><counter type="METHOD" missed="0" covered="1"/></method><counter type="INSTRUCTION" missed="35" covered="43"/><counter type="BRANCH" missed="8" covered="0"/><counter type="LINE" missed="8" covered="21"/><counter type="COMPLEXITY" missed="7" covered="1"/><counter type="METHOD" missed="3" covered="1"/><counter type="CLASS" missed="0" covered="1"/></class><class name="com/quckapp/auth/domain/entity/LinkedDevice" sourcefilename="LinkedDevice.java"><method name="updateActivity" desc="()V" line="60"><counter type="INSTRUCTION" missed="4" covered="0"/><counter type="LINE" missed="2" covered="0"/><counter type="COMPLEXITY" missed="1" covered="0"/><counter type="METHOD" missed="1" covered="0"/></method><method name="hasFcmToken" desc="()Z" line="64"><counter type="INSTRUCTION" missed="11" covered="0"/><counter type="BRANCH" missed="4" covered="0"/><counter type="LINE" missed="1" covered="0"/><counter type="COMPLEXITY" missed="3" covered="0"/><counter type="METHOD" missed="1" covered="0"/></method><method name="create" desc="(Lcom/quckapp/auth/domain/entity/UserProfile;Ljava/lang/String;Ljava/lang/String;Lcom/quckapp/auth/domain/entity/DeviceType;Ljava/lang/String;)Lcom/quckapp/auth/domain/entity/LinkedDevice;" line="68"><counter type="INSTRUCTION" missed="15" covered="0"/><counter type="LINE" missed="8" covered="0"/><counter type="COMPLEXITY" missed="1" covered="0"/><counter type="METHOD" missed="1" covered="0"/></method><counter type="INSTRUCTION" missed="30" covered="0"/><counter type="BRANCH" missed="4" covered="0"/><counter type="LINE" missed="11" covered="0"/><counter type="COMPLEXITY" missed="5" covered="0"/><counter type="METHOD" missed="3" covered="0"/><counter type="CLASS" missed="1" covered="0"/></class><class name="com/quckapp/auth/domain/entity/AnomalyType" sourcefilename="AnomalyType.java"><method name="&lt;clinit&gt;" desc="()V" line="6"><counter type="INSTRUCTION" missed="0" covered="111"/><counter type="LINE" missed="0" covered="19"/><counter type="COMPLEXITY" missed="0" covered="1"/><counter type="METHOD" missed="0" covered="1"/></method><counter type="INSTRUCTION" missed="0" covered="111"/><counter type="LINE" missed="0" covered="19"/><counter type="COMPLEXITY" missed="0" covered="1"/><counter type="METHOD" missed="0" covered="1"/><counter type="CLASS" missed="0" covered="1"/></class><class name="com/quckapp/auth/domain/entity/RefreshToken" sourcefilename="RefreshToken.java"><method name="isExpired" desc="()Z" line="71"><counter type="INSTRUCTION" missed="0" covered="5"/><counter type="LINE" missed="0" covered="1"/><counter type="COMPLEXITY" missed="0" covered="1"/><counter type="METHOD" missed="0" covered="1"/></method><method name="isValid" desc="()Z" line="75"><counter type="INSTRUCTION" missed="10" covered="0"/><counter type="BRANCH" missed="4" covered="0"/><counter type="LINE" missed="1" covered="0"/><counter type="COMPLEXITY" missed="3" covered="0"/><counter type="METHOD" missed="1" covered="0"/></method><method name="revoke" desc="(Ljava/lang/String;)V" line="79"><counter type="INSTRUCTION" missed="0" covered="10"/><counter type="LINE" missed="0" covered="4"/><counter type="COMPLEXITY" missed="0" covered="1"/><counter type="METHOD" missed="0" covered="1"/></method><counter type="INSTRUCTION" missed="10" covered="15"/><counter type="BRANCH" missed="4" covered="0"/><counter type="LINE" missed="1" covered="5"/><counter type="COMPLEXITY" missed="3" covered="2"/><counter type="METHOD" missed="1" covered="2"/><counter type="CLASS" missed="0" covered="1"/></class><class name="com/quckapp/auth/domain/entity/DeviceType" sourcefilename="DeviceType.java"><method name="fromString" desc="(Ljava/lang/String;)Lcom/quckapp/auth/domain/entity/DeviceType;" line="12"><counter type="INSTRUCTION" missed="11" covered="0"/><counter type="BRANCH" missed="2" covered="0"/><counter type="LINE" missed="5" covered="0"/><counter type="COMPLEXITY" missed="2" covered="0"/><counter type="METHOD" missed="1" covered="0"/></method><method name="&lt;clinit&gt;" desc="()V" line="6"><counter type="INSTRUCTION" missed="21" covered="0"/><counter type="LINE" missed="4" covered="0"/><counter type="COMPLEXITY" missed="1" covered="0"/><counter type="METHOD" missed="1" covered="0"/></method><counter type="INSTRUCTION" missed="32" covered="0"/><counter type="BRANCH" missed="2" covered="0"/><counter type="LINE" missed="9" covered="0"/><counter type="COMPLEXITY" missed="3" covered="0"/><counter type="METHOD" missed="2" covered="0"/><counter type="CLASS" missed="1" covered="0"/></class><class name="com/quckapp/auth/domain/entity/SessionActivity$SessionActivityBuilder" sourcefilename="SessionActivity.java"/><class name="com/quckapp/auth/domain/entity/UserRole" sourcefilename="UserRole.java"><method name="fromString" desc="(Ljava/lang/String;)Lcom/quckapp/auth/domain/entity/UserRole;" line="13"><counter type="INSTRUCTION" missed="11" covered="0"/><counter type="BRANCH" missed="2" covered="0"/><counter type="LINE" missed="5" covered="0"/><counter type="COMPLEXITY" missed="2" covered="0"/><counter type="METHOD" missed="1" covered="0"/></method><method name="hasAdminAccess" desc="()Z" line="24"><counter type="INSTRUCTION" missed="10" covered="0"/><counter type="BRANCH" missed="4" covered="0"/><counter type="LINE" missed="1" covered="0"/><counter type="COMPLEXITY" missed="3" covered="0"/><counter type="METHOD" missed="1" covered="0"/></method><method name="hasModeratorAccess" desc="()Z" line="28"><counter type="INSTRUCTION" missed="10" covered="0"/><counter type="BRANCH" missed="4" covered="0"/><counter type="LINE" missed="1" covered="0"/><counter type="COMPLEXITY" missed="3" covered="0"/><counter type="METHOD" missed="1" covered="0"/></method><method name="&lt;clinit&gt;" desc="()V" line="6"><counter type="INSTRUCTION" missed="0" covered="27"/><
[...]
ed="0"/><counter type="LINE" missed="2" covered="0"/><counter type="COMPLEXITY" missed="1" covered="0"/><counter type="METHOD" missed="1" covered="0"/></method><method name="getStatistics" desc="()Lorg/springframework/http/ResponseEntity;" line="287"><counter type="INSTRUCTION" missed="5" covered="0"/><counter type="LINE" missed="1" covered="0"/><counter type="COMPLEXITY" missed="1" covered="0"/><counter type="METHOD" missed="1" covered="0"/></method><method name="&lt;clinit&gt;" desc="()V" line="30"><counter type="INSTRUCTION" missed="4" covered="0"/><counter type="LINE" missed="1" covered="0"/><counter type="COMPLEXITY" missed="1" covered="0"/><counter type="METHOD" missed="1" covered="0"/></method><counter type="INSTRUCTION" missed="240" covered="0"/><counter type="LINE" missed="50" covered="0"/><counter type="COMPLEXITY" missed="29" covered="0"/><counter type="METHOD" missed="29" covered="0"/><counter type="CLASS" missed="1" covered="0"/></class><class name="com/quckapp/auth/controller/OAuth2Controller$AuthorizationUrlResponse" sourcefilename="OAuth2Controller.java"/><class name="com/quckapp/auth/controller/OAuth2Controller" sourcefilename="OAuth2Controller.java"><method name="getProviders" desc="()Lorg/springframework/http/ResponseEntity;" line="34"><counter type="INSTRUCTION" missed="66" covered="0"/><counter type="LINE" missed="29" covered="0"/><counter type="COMPLEXITY" missed="1" covered="0"/><counter type="METHOD" missed="1" covered="0"/></method><method name="getLinkedProviders" desc="(Ljava/lang/String;)Lorg/springframework/http/ResponseEntity;" line="76"><counter type="INSTRUCTION" missed="6" covered="0"/><counter type="LINE" missed="3" covered="0"/><counter type="COMPLEXITY" missed="1" covered="0"/><counter type="METHOD" missed="1" covered="0"/></method><method name="getAuthorizationUrl" desc="(Ljava/lang/String;Ljava/lang/String;)Lorg/springframework/http/ResponseEntity;" line="90"><counter type="INSTRUCTION" missed="28" covered="0"/><counter type="BRANCH" missed="4" covered="0"/><counter type="LINE" missed="7" covered="0"/><counter type="COMPLEXITY" missed="3" covered="0"/><counter type="METHOD" missed="1" covered="0"/></method><method name="&lt;clinit&gt;" desc="()V" line="21"><counter type="INSTRUCTION" missed="4" covered="0"/><counter type="LINE" missed="1" covered="0"/><counter type="COMPLEXITY" missed="1" covered="0"/><counter type="METHOD" missed="1" covered="0"/></method><counter type="INSTRUCTION" missed="104" covered="0"/><counter type="BRANCH" missed="4" covered="0"/><counter type="LINE" missed="40" covered="0"/><counter type="COMPLEXITY" missed="6" covered="0"/><counter type="METHOD" missed="4" covered="0"/><counter type="CLASS" missed="1" covered="0"/></class><class name="com/quckapp/auth/controller/OAuth2Controller$ProviderInfo$ProviderInfoBuilder" sourcefilename="OAuth2Controller.java"/><class name="com/quckapp/auth/controller/OAuth2Controller$ProvidersResponse$ProvidersResponseBuilder" sourcefilename="OAuth2Controller.java"/><class name="com/quckapp/auth/controller/OAuth2Controller$ProviderInfo" sourcefilename="OAuth2Controller.java"/><class name="com/quckapp/auth/controller/PhoneAuthController" sourcefilename="PhoneAuthController.java"><method name="requestOtp" desc="(Lcom/quckapp/auth/dto/PhoneOtpRequest;Ljakarta/servlet/http/HttpServletRequest;)Lorg/springframework/http/ResponseEntity;" line="32"><counter type="INSTRUCTION" missed="30" covered="0"/><counter type="BRANCH" missed="2" covered="0"/><counter type="LINE" missed="8" covered="0"/><counter type="COMPLEXITY" missed="2" covered="0"/><counter type="METHOD" missed="1" covered="0"/></method><method name="verifyOtp" desc="(Lcom/quckapp/auth/dto/PhoneVerifyRequest;Ljakarta/servlet/http/HttpServletRequest;)Lorg/springframework/http/ResponseEntity;" line="54"><counter type="INSTRUCTION" missed="27" covered="0"/><counter type="BRANCH" missed="2" covered="0"/><counter type="LINE" missed="8" covered="0"/><counter type="COMPLEXITY" missed="2" covered="0"/><counter type="METHOD" missed="1" covered="0"/></method><method name="loginWithOtp" desc="(Lcom/quckapp/auth/dto/PhoneLoginRequest;Ljakarta/servlet/http/HttpServletRequest;)Lorg/springframework/http/ResponseEntity;" line="76"><counter type="INSTRUCTION" missed="29" covered="0"/><counter type="BRANCH" missed="2" covered="0"/><counter type="LINE" missed="7" covered="0"/><counter type="COMPLEXITY" missed="2" covered="0"/><counter type="METHOD" missed="1" covered="0"/></method><method name="resendOtp" desc="(Lcom/quckapp/auth/dto/PhoneOtpRequest;Ljakarta/servlet/http/HttpServletRequest;)Lorg/springframework/http/ResponseEntity;" line="95"><counter type="INSTRUCTION" missed="5" covered="0"/><counter type="LINE" missed="1" covered="0"/><counter type="COMPLEXITY" missed="1" covered="0"/><counter type="METHOD" missed="1" covered="0"/></method><method name="getClientIp" desc="(Ljakarta/servlet/http/HttpServletRequest;)Ljava/lang/String;" line="102"><counter type="INSTRUCTION" missed="58" covered="0"/><counter type="BRANCH" missed="8" covered="0"/><counter type="LINE" missed="6" covered="0"/><counter type="COMPLEXITY" missed="5" covered="0"/><counter type="METHOD" missed="1" covered="0"/></method><method name="&lt;clinit&gt;" desc="()V" line="20"><counter type="INSTRUCTION" missed="4" covered="0"/><counter type="LINE" missed="1" covered="0"/><counter type="COMPLEXITY" missed="1" covered="0"/><counter type="METHOD" missed="1" covered="0"/></method><counter type="INSTRUCTION" missed="153" covered="0"/><counter type="BRANCH" missed="14" covered="0"/><counter type="LINE" missed="31" covered="0"/><counter type="COMPLEXITY" missed="13" covered="0"/><counter type="METHOD" missed="6" covered="0"/><counter type="CLASS" missed="1" covered="0"/></class><sourcefile name="AuthController.java"><line nr="26" mi="0" ci="4" mb="0" cb="0"/><line nr="44" mi="0" ci="9" mb="0" cb="0"/><line nr="53" mi="0" ci="3" mb="0" cb="0"/><line nr="54" mi="0" ci="4" mb="0" cb="0"/><line nr="57" mi="0" ci="6" mb="0" cb="0"/><line nr="58" mi="0" ci="3" mb="0" cb="2"/><line nr="59" mi="0" ci="4" mb="0" cb="0"/><line nr="61" mi="0" ci="3" mb="0" cb="2"/><line nr="62" mi="0" ci="4" mb="0" cb="0"/><line nr="66" mi="0" ci="8" mb="0" cb="0"/><line nr="69" mi="0" ci="5" mb="0" cb="0"/><line nr="71" mi="0" ci="3" mb="0" cb="0"/><line nr="72" mi="0" ci="1" mb="0" cb="0"/><line nr="74" mi="0" ci="5" mb="0" cb="0"/><line nr="75" mi="0" ci="2" mb="0" cb="0"/><line nr="85" mi="0" ci="9" mb="0" cb="0"/><line nr="93" mi="0" ci="9" mb="0" cb="0"/><line nr="94" mi="0" ci="3" mb="0" cb="0"/><line nr="107" mi="0" ci="9" mb="0" cb="0"/><line nr="115" mi="0" ci="6" mb="0" cb="0"/><line nr="124" mi="0" ci="7" mb="0" cb="0"/><line nr="125" mi="0" ci="3" mb="0" cb="0"/><line nr="134" mi="0" ci="9" mb="0" cb="0"/><line nr="135" mi="0" ci="3" mb="0" cb="0"/><line nr="148" mi="0" ci="7" mb="0" cb="0"/><line nr="149" mi="0" ci="6" mb="0" cb="0"/><line nr="158" mi="0" ci="7" mb="0" cb="0"/><line nr="159" mi="0" ci="6" mb="0" cb="0"/><line nr="169" mi="0" ci="10" mb="0" cb="0"/><line nr="170" mi="0" ci="6" mb="0" cb="0"/><line nr="182" mi="0" ci="8" mb="0" cb="0"/><line nr="192" mi="0" ci="7" mb="0" cb="0"/><line nr="193" mi="0" ci="5" mb="0" cb="0"/><line nr="203" mi="0" ci="10" mb="0" cb="0"/><line nr="204" mi="0" ci="6" mb="0" cb="0"/><line nr="214" mi="0" ci="7" mb="0" cb="0"/><line nr="215" mi="0" ci="5" mb="0" cb="0"/><line nr="229" mi="0" ci="10" mb="0" cb="0"/><line nr="240" mi="0" ci="11" mb="0" cb="0"/><line nr="241" mi="0" ci="6" mb="0" cb="0"/><line nr="251" mi="0" ci="10" mb="0" cb="0"/><line nr="252" mi="0" ci="6" mb="0" cb="0"/><line nr="264" mi="0" ci="8" mb="0" cb="0"/><line nr="274" mi="0" ci="10" mb="0" cb="0"/><line nr="275" mi="0" ci="3" mb="0" cb="0"/><line nr="284" mi="0" ci="9" mb="0" cb="0"/><line nr="285" mi="0" ci="3" mb="0" cb="0"/><line nr="293" mi="0" ci="6" mb="1" cb="3"/><line nr="294" mi="0" ci="4" mb="0" cb="0"/><line nr="296" mi="0" ci="5" mb="0" cb="0"/><line nr="300" mi="0" ci="4" mb="0" cb="0"/><line nr="301" mi="0" ci="4" mb="0" cb="0"/><line nr="302" mi="0" ci="4" mb="0" cb="0"/><line nr="303" mi="0" ci="2" mb="0" cb="0"/><line nr="304" mi="0" ci="1" mb="0" cb="0"/><line nr="308" mi="0" ci="4" mb="0" cb="0"/><line nr="309" mi="0" ci="5" mb="1" cb="3"/><line nr="310" mi="0" ci="7" mb="0" cb="0"/><line nr="312" mi="0" ci="4" mb="0" cb="0"/><line nr="313" mi="0" ci="5" mb="1" cb="3"/><line nr="314" mi="0" ci="2" mb="0" cb="0"/><line nr="316" mi="0" ci="3" mb="0" cb="0"/><counter type="INSTRUCTION" missed="0" covered="348"/><counter type="BRANCH" missed="3" covered="13"/><counter type="LINE" missed="0" covered="62"/><counter type="COMPLEXITY" missed="3" covered="30"/><counter type="METHOD" missed="0" covered="25"/><counter type="CLASS" missed="0" covered="1"/></sourcefile><sourcefile name="UserProfileController.java"><line nr="30" mi="4" ci="0" mb="0" cb="0"/><line nr="45" mi="4" ci="0" mb="0" cb="0"/><line nr="46" mi="6" ci="0" mb="0" cb="0"/><line nr="54" mi="4" ci="0" mb="0" cb="0"/><line nr="55" mi="7" ci="0" mb="0" cb="0"/><line nr="62" mi="6" ci="0" mb="0" cb="0"/><line nr="69" mi="6" ci="0" mb="0" cb="0"/><line nr="76" mi="6" ci="0" mb="0" cb="0"/><line nr="77" mi="1" ci="0" mb="0" cb="0"/><line nr="78" mi="4" ci="0" mb="0" cb="0"/><line nr="85" mi="6" ci="0" mb="0" cb="0"/><line nr="86" mi="1" ci="0" mb="0" cb="0"/><line nr="87" mi="4" ci="0" mb="0" cb="0"/><line nr="94" mi="6" ci="0" mb="0" cb="0"/><line nr="101" mi="6" ci="0" mb="0" cb="0"/><line nr="111" mi="6" ci="0" mb="0" cb="0"/><line nr="112" mi="8" ci="0" mb="0" cb="0"/><line nr="122" mi="6" ci="0" mb="0" cb="0"/><line nr="123" mi="3" ci="0" mb="0" cb="0"/><line nr="132" mi="6" ci="0" mb="0" cb="0"/><line nr="140" mi="7" ci="0" mb="0" cb="0"/><line nr="150" mi="6" ci="0" mb="0" cb="0"/><line nr="151" mi="3" ci="0" mb="0" cb="0"/><line nr="159" mi="5" ci="0" mb="0" cb="0"/><line nr="160" mi="3" ci="0" mb="0" cb="0"/><line nr="167" mi="6" ci="0" mb="0" cb="0"/><line nr="177" mi="7" ci="0" mb="0" cb="0"/><line nr="184" mi="6" ci="0" mb="0" cb="0"/><line nr="192" mi="5" ci="0" mb="0" cb="0"/><line nr="193" mi="3" ci="0" mb="0" cb="0"/><line nr="201" mi="5" ci="0" mb="0" cb="0"/><line nr="202" mi="3" ci="0" mb="0" cb="0"/><line nr="211" mi="7" ci="0" mb="0" cb="0"/><line nr="212" mi="3" ci="0" mb="0" cb="0"/><line nr="223" mi="5" ci="0" mb="0" cb="0"/><line nr="224" mi="4" ci="0" mb="0" cb="0"/><line nr="225" mi="2" ci="0" mb="0" cb="0"/><line nr="226" mi="1" ci="0" mb="0" cb="0"/><line nr="227" mi="1" ci="0" mb="0" cb="0"/><line nr="236" mi="7" ci="0" mb="0" cb="0"/><line nr="245" mi="8" ci="0" mb="0" cb="0"/><line nr="256" mi="8" ci="0" mb="0" cb="0"/><line nr="257" mi="3" ci="0" mb="0" cb="0"/><line nr="264" mi="4" ci="0" mb="0" cb="0"/><line nr="265" mi="3" ci="0" mb="0" cb="0"/><line nr="272" mi="7" ci="0" mb="0" cb="0"/><line nr="273" mi="3" ci="0" mb="0" cb="0"/><line nr="280" mi="7" ci="0" mb="0" cb="0"/><line nr="281" mi="3" ci="0" mb="0" cb="0"/><line nr="287" mi="5" ci="0" mb="0" cb="0"/><counter type="INSTRUCTION" missed="240" covered="0"/><counter type="LINE" missed="50" covered="0"/><counter type="COMPLEXITY" missed="29" covered="0"/><counter type="METHOD" missed="29" covered="0"/><counter type="CLASS" missed="1" covered="0"/></sourcefile><sourcefile name="OAuth2Controller.java"><line nr="21" mi="4" ci="0" mb="0" cb="0"/><line nr="34" mi="6" ci="0" mb="0" cb="0"/><line nr="35" mi="2" ci="0" mb="0" cb="0"/><line nr="36" mi="2" ci="0" mb="0" cb="0"/><line nr="37" mi="2" ci="0" mb="0" cb="0"/><line nr="38" mi="2" ci="0" mb="0" cb="0"/><line nr="39" mi="1" ci="0" mb="0" cb="0"/><line nr="40" mi="4" ci="0" mb="0" cb="0"/><line nr="41" mi="2" ci="0" mb="0" cb="0"/><line nr="42" mi="2" ci="0" mb="0" cb="0"/><line nr="43" mi="2" ci="0" mb="0" cb="0"/><line nr="44" mi="2" ci="0" mb="0" cb="0"/><line nr="45" mi="1" ci="0" mb="0" cb="0"/><line nr="46" mi="4" ci="0" mb="0" cb="0"/><line nr="47" mi="2" ci="0" mb="0" cb="0"/><line nr="48" mi="2" ci="0" mb="0" cb="0"/><line nr="49" mi="2" ci="0" mb="0" cb="0"/><line nr="50" mi="2" ci="0" mb="0" cb="0"/><line nr="51" mi="1" ci="0" mb="0" cb="0"/><line nr="52" mi="4" ci="0" mb="0" cb="0"/><line nr="53" mi="2" ci="0" mb="0" cb="0"/><line nr="54" mi="2" ci="0" mb="0" cb="0"/><line nr="55" mi="2" ci="0" mb="0" cb="0"/><line nr="56" mi="2" ci="0" mb="0" cb="0"/><line nr="57" mi="1" ci="0" mb="0" cb="0"/><line nr="58" mi="2" ci="0" mb="0" cb="0"/><line nr="61" mi="4" ci="0" mb="0" cb="0"/><line nr="62" mi="3" ci="0" mb="0" cb="0"/><line nr="63" mi="2" ci="0" mb="0" cb="0"/><line nr="64" mi="1" ci="0" mb="0" cb="0"/><line nr="76" mi="3" ci="0" mb="0" cb="0"/><line nr="77" mi="2" ci="0" mb="0" cb="0"/><line nr="78" mi="1" ci="0" mb="0" cb="0"/><line nr="90" mi="4" ci="0" mb="0" cb="0"/><line nr="91" mi="8" ci="0" mb="2" cb="0"/><line nr="93" mi="4" ci="0" mb="0" cb="0"/><line nr="94" mi="2" ci="0" mb="0" cb="0"/><line nr="95" mi="1" ci="0" mb="0" cb="0"/><line nr="96" mi="8" ci="0" mb="2" cb="0"/><line nr="97" mi="1" ci="0" mb="0" cb="0"/><counter type="INSTRUCTION" missed="104" covered="0"/><counter type="BRANCH" missed="4" covered="0"/><counter type="LINE" missed="40" covered="0"/><counter type="COMPLEXITY" missed="6" covered="0"/><counter type="METHOD" missed="4" covered="0"/><counter type="CLASS" missed="1" covered="0"/></sourcefile><sourcefile name="PhoneAuthController.java"><line nr="20" mi="4" ci="0" mb="0" cb="0"/><line nr="32" mi="4" ci="0" mb="0" cb="0"/><line nr="33" mi="4" ci="0" mb="0" cb="0"/><line nr="35" mi="4" ci="0" mb="0" cb="0"/><line nr="37" mi="5" ci="0" mb="0" cb="0"/><line nr="38" mi="3" ci="0" mb="0" cb="0"/><line nr="43" mi="4" ci="0" mb="2" cb="0"/><line nr="44" mi="3" ci="0" mb="0" cb="0"/><line nr="45" mi="3" ci="0" mb="0" cb="0"/><line nr="54" mi="4" ci="0" mb="0" cb="0"/><line nr="56" mi="4" ci="0" mb="0" cb="0"/><line nr="58" mi="5" ci="0" mb="0" cb="0"/><line nr="59" mi="2" ci="0" mb="0" cb="0"/><line nr="60" mi="2" ci="0" mb="0" cb="0"/><line nr="64" mi="4" ci="0" mb="2" cb="0"/><line nr="65" mi="3" ci="0" mb="0" cb="0"/><line nr="66" mi="3" ci="0" mb="0" cb="0"/><line nr="76" mi="4" ci="0" mb="0" cb="0"/><line nr="77" mi="4" ci="0" mb="0" cb="0"/><line nr="79" mi="4" ci="0" mb="0" cb="0"/><line nr="81" mi="7" ci="0" mb="0" cb="0"/><line nr="83" mi="4" ci="0" mb="2" cb="0"/><line nr="84" mi="3" ci="0" mb="0" cb="0"/><line nr="85" mi="3" ci="0" mb="0" cb="0"/><line nr="95" mi="5" ci="0" mb="0" cb="0"/><line nr="102" mi="19" ci="0" mb="0" cb="0"/><line nr="109" mi="16" ci="0" mb="2" cb="0"/><line nr="110" mi="4" ci="0" mb="0" cb="0"/><line nr="111" mi="9" ci="0" mb="6" cb="0"/><line nr="113" mi="7" ci="0" mb="0" cb="0"/><line nr="117" mi="3" ci="0" mb="0" cb="0"/><counter type="INSTRUCTION" missed="153" covered="0"/><counter type="BRANCH" missed="14" covered="0"/><counter type="LINE" missed="31" covered="0"/><counter type="COMPLEXITY" missed="13" covered="0"/><counter type="METHOD" missed="6" covered="0"/><counter type="CLASS" missed="1" covered="0"/></sourcefile><sourcefile name="MigrationController.java"><line nr="24" mi="4" ci="0" mb="0" cb="0"/><line nr="36" mi="6" ci="0" mb="0" cb="0"/><line nr="41" mi="6" ci="0" mb="0" cb="0"/><line nr="43" mi="4" ci="0" mb="0" cb="0"/><line nr="44" mi="5" ci="0" mb="0" cb="0"/><line nr="46" mi="3" ci="0" mb="0" cb="0"/><line nr="54" mi="6" ci="0" mb="0" cb="0"/><line nr="56" mi="5" ci="0" mb="0" cb="0"/><line nr="58" mi="4" ci="0" mb="0" cb="0"/><line nr="59" mi="5" ci="0" mb="0" cb="0"/><line nr="61" mi="3" ci="0" mb="0" cb="0"/><line nr="68" mi="5" ci="0" mb="0" cb="0"/><line nr="76" mi="6" ci="0" mb="0" cb="0"/><line nr="77" mi="6" ci="0" mb="0" cb="0"/><counter type="INSTRUCTION" missed="68" covered="0"/><counter type="LINE" missed="14" covered="0"/><counter type="COMPLEXITY" missed="5" covered="0"/><counter type="METHOD" missed="5" covered="0"/><counter type="CLASS" missed="1" covered="0"/></sourcefile><counter type="INSTRUCTION" missed="565" covered="348"/><counter type="BRANCH" missed="21" covered="13"/><counter type="LINE" missed="135" covered="62"/><counter type="COMPLEXITY" missed="56" covered="30"/><counter type="METHOD" missed="44" covered="25"/><counter type="CLASS" missed="4" covered="1"/></package><package name="com/quckapp/auth/audit"><class name="com/quckapp/auth/audit/AuditLog$AuditLogBuilder" sourcefilename="AuditLog.java"/><class name="com/quckapp/auth/audit/AuditLog$AuditStatus" sourcefilename="AuditLog.java"><method name="&lt;clinit&gt;" desc="()V" line="117"><counter type="INSTRUCTION" missed="21" covered="0"/><counter type="LINE" missed="4" covered="0"/><counter type="COMPLEXITY" missed="1" covered="0"/><counter type="METHOD" missed="1" covered="0"/></method><counter type="INSTRUCTION" missed="21" covered="0"/><counter type="LINE" missed="4" covered="0"/><counter type="COMPLEXITY" missed="1" covered="0"/><counter type="METHOD" missed="1" covered="0"/><counter type="CLASS" missed="1" covered="0"/></class><class name="com/quckapp/auth/audit/AuditLog$AuditEventType" sourcefilename="AuditLog.java"><method name="&lt;clinit&gt;" desc="()V" line="71"><counter type="INSTRUCTION" missed="171" covered="0"/><counter type="LINE" missed="29" covered="0"/><counter type="COMPLEXITY" missed="1" covered="0"/><counter type="METHOD" missed="1" covered="0"/></method><counter type="INSTRUCTION" missed="171" covered="0"/><counter type="LINE" missed="29" covered="0"/><counter type="COMPLEXITY" missed="1" covered="0"/><counter type="METHOD" missed="1" covered="0"/><counter type="CLASS" missed="1" covered="0"/></class><class name="com/quckapp/auth/audit/AuditLog" sourcefilename="AuditLog.java"/><sourcefile name="AuditLog.java"><line nr="71" mi="3" ci="0" mb="0" cb="0"/><line nr="73" mi="6" ci="0" mb="0" cb="0"/><line nr="74" mi="6" ci="0" mb="0" cb="0"/><line nr="75" mi="6" ci="0" mb="0" cb="0"/><line nr="76" mi="6" ci="0" mb="0" cb="0"/><line nr="77" mi="6" ci="0" mb="0" cb="0"/><line nr="80" mi="6" ci="0" mb="0" cb="0"/><line nr="81" mi="6" ci="0" mb="0" cb="0"/><line nr="82" mi="6" ci="0" mb="0" cb="0"/><line nr="83" mi="6" ci="0" mb="0" cb="0"/><line nr="86" mi="6" ci="0" mb="0" cb="0"/><line nr="87" mi="6" ci="0" mb="0" cb="0"/><line nr="88" mi="6" ci="0" mb="0" cb="0"/><line nr="91" mi="6" ci="0" mb="0" cb="0"/><line nr="92" mi="6" ci="0" mb="0" cb="0"/><line nr="93" mi="6" ci="0" mb="0" cb="0"/><line nr="96" mi="6" ci="0" mb="0" cb="0"/><line nr="97" mi="6" ci="0" mb="0" cb="0"/><line nr="98" mi="6" ci="0" mb="0" cb="0"/><line nr="99" mi="6" ci="0" mb="0" cb="0"/><line nr="102" mi="6" ci="0" mb="0" cb="0"/><line nr="103" mi="6" ci="0" mb="0" cb="0"/><line nr="104" mi="6" ci="0" mb="0" cb="0"/><line nr="107" mi="6" ci="0" mb="0" cb="0"/><line nr="108" mi="6" ci="0" mb="0" cb="0"/><line nr="109" mi="6" ci="0" mb="0" cb="0"/><line nr="112" mi="6" ci="0" mb="0" cb="0"/><line nr="113" mi="6" ci="0" mb="0" cb="0"/><line nr="114" mi="6" ci="0" mb="0" cb="0"/><line nr="117" mi="3" ci="0" mb="0" cb="0"/><line nr="118" mi="6" ci="0" mb="0" cb="0"/><line nr="119" mi="6" ci="0" mb="0" cb="0"/><line nr="120" mi="6" ci="0" mb="0" cb="0"/><counter type="INSTRUCTION" missed="192" covered="0"/><counter type="LINE" missed="33" covered="0"/><counter type="COMPLEXITY" missed="2" covered="0"/><counter type="METHOD" missed="2" covered="0"/><counter type="CLASS" missed="2" covered="0"/></sourcefile><counter type="INSTRUCTION" missed="192" covered="0"/><counter type="LINE" missed="33" covered="0"/><counter type="COMPLEXITY" missed="2" covered="0"/><counter type="METHOD" missed="2" covered="0"/><counter type="CLASS" missed="2" covered="0"/></package><counter type="INSTRUCTION" missed="8624" covered="6143"/><counter type="BRANCH" missed="614" covered="290"/><counter type="LINE" missed="1992" covered="1571"/><counter type="COMPLEXITY" missed="777" covered="351"/><counter type="METHOD" missed="427" covered="241"/><counter type="CLASS" missed="60" covered="42"/></report>